<?xml version="1.0" encoding="UTF-8"?><testsuites tests="521" failures="1" skipped="85" timestamp="2017-06-30T10:08:01+0200">
<testsuite name="Testsuite" tests="1435" failures="1" skipped="142">
<testsuite name="Testsuite.Alias.alias" tests="4" failures="0" skipped="0">
<testcase name="CheckThisOut" tests="1" failures="0" skipped="0">
<system-out>
            [[ATTACHMENT|src/test/xslt/tessy-overview-to-junit/withSkipped/input.xml]]
            [[ATTACHMENT|src/test/xslt/tessy-overview-to-junit/withSkipped/input.pdf]]
          </system-out>
</testcase>
<testcase name="switchAlias" tests="1" failures="0" skipped="0">
<system-out>
            [[ATTACHMENT|src/test/xslt/tessy-overview-to-junit/withSkipped/input.xml]]
            [[ATTACHMENT|src/test/xslt/tessy-overview-to-junit/withSkipped/input.pdf]]
          </system-out>
</testcase>
<testcase name="UseArray" tests="1" failures="0" skipped="0">
<system-out>
            [[ATTACHMENT|src/test/xslt/tessy-overview-to-junit/withSkipped/input.xml]]
            [[ATTACHMENT|src/test/xslt/tessy-overview-to-junit/withSkipped/input.pdf]]
          </system-out>
</testcase>
<testcase name="UseDoubleArray" tests="1" failures="0" skipped="0">
<system-out>
            [[ATTACHMENT|src/test/xslt/tessy-overview-to-junit/withSkipped/input.xml]]
            [[ATTACHMENT|src/test/xslt/tessy-overview-to-junit/withSkipped/input.pdf]]
          </system-out>
</testcase>
</testsuite>
<testsuite name="Testsuite.Alias.tueren" tests="2" failures="0" skipped="0">
<testcase name="GetTuerState" tests="1" failures="0" skipped="0">
<system-out>
            [[ATTACHMENT|src/test/xslt/tessy-overview-to-junit/withSkipped/input.xml]]
            [[ATTACHMENT|src/test/xslt/tessy-overview-to-junit/withSkipped/input.pdf]]
          </system-out>
</testcase>
<testcase name="SetTuerState_vr" tests="1" failures="0" skipped="0">
<system-out>
            [[ATTACHMENT|src/test/xslt/tessy-overview-to-junit/withSkipped/input.xml]]
            [[ATTACHMENT|src/test/xslt/tessy-overview-to-junit/withSkipped/input.pdf]]
          </system-out>
</testcase>
</testsuite>
<testsuite name="Testsuite.Arrays.fehler_2" tests="6" failures="0" skipped="1">
<testcase name="call" tests="1" failures="0" skipped="0">
<system-out>
            [[ATTACHMENT|src/test/xslt/tessy-overview-to-junit/withSkipped/input.xml]]
            [[ATTACHMENT|src/test/xslt/tessy-overview-to-junit/withSkipped/input.pdf]]
          </system-out>
</testcase>
<testcase name="init" tests="1" failures="0" skipped="0">
<system-out>
            [[ATTACHMENT|src/test/xslt/tessy-overview-to-junit/withSkipped/input.xml]]
            [[ATTACHMENT|src/test/xslt/tessy-overview-to-junit/withSkipped/input.pdf]]
          </system-out>
</testcase>
<testcase name="test_do" tests="1" failures="0" skipped="0">
<system-out>
            [[ATTACHMENT|src/test/xslt/tessy-overview-to-junit/withSkipped/input.xml]]
            [[ATTACHMENT|src/test/xslt/tessy-overview-to-junit/withSkipped/input.pdf]]
          </system-out>
</testcase>
<testcase name="test_main" tests="1" failures="0" skipped="0">
<system-out>
            [[ATTACHMENT|src/test/xslt/tessy-overview-to-junit/withSkipped/input.xml]]
            [[ATTACHMENT|src/test/xslt/tessy-overview-to-junit/withSkipped/input.pdf]]
          </system-out>
</testcase>
<testcase name="test_out" tests="1" failures="0" skipped="0">
<system-out>
            [[ATTACHMENT|src/test/xslt/tessy-overview-to-junit/withSkipped/input.xml]]
            [[ATTACHMENT|src/test/xslt/tessy-overview-to-junit/withSkipped/input.pdf]]
          </system-out>
</testcase>
<testcase name="test_param" tests="1" failures="0" skipped="1">
<skipped/>
<system-out>
            [[ATTACHMENT|src/test/xslt/tessy-overview-to-junit/withSkipped/input.xml]]
            [[ATTACHMENT|src/test/xslt/tessy-overview-to-junit/withSkipped/input.pdf]]
          </system-out>
</testcase>
</testsuite>
<testsuite name="Testsuite.Arrays.fehler_array" tests="3" failures="0" skipped="0">
<testcase name="structtest_do" tests="1" failures="0" skipped="0">
<system-out>
            [[ATTACHMENT|src/test/xslt/tessy-overview-to-junit/withSkipped/input.xml]]
            [[ATTACHMENT|src/test/xslt/tessy-overview-to-junit/withSkipped/input.pdf]]
          </system-out>
</testcase>
<testcase name="test_do" tests="1" failures="0" skipped="0">
<system-out>
            [[ATTACHMENT|src/test/xslt/tessy-overview-to-junit/withSkipped/input.xml]]
            [[ATTACHMENT|src/test/xslt/tessy-overview-to-junit/withSkipped/input.pdf]]
          </system-out>
</testcase>
<testcase name="test_main" tests="1" failures="0" skipped="0">
<system-out>
            [[ATTACHMENT|src/test/xslt/tessy-overview-to-junit/withSkipped/input.xml]]
            [[ATTACHMENT|src/test/xslt/tessy-overview-to-junit/withSkipped/input.pdf]]
          </system-out>
</testcase>
</testsuite>
<testsuite name="Testsuite.Arrays.nested" tests="2" failures="0" skipped="0">
<testcase name="UseEmAllIN" tests="1" failures="0" skipped="0">
<system-out>
            [[ATTACHMENT|src/test/xslt/tessy-overview-to-junit/withSkipped/input.xml]]
            [[ATTACHMENT|src/test/xslt/tessy-overview-to-junit/withSkipped/input.pdf]]
          </system-out>
</testcase>
<testcase name="UseEmAllOUT" tests="1" failures="0" skipped="0">
<system-out>
            [[ATTACHMENT|src/test/xslt/tessy-overview-to-junit/withSkipped/input.xml]]
            [[ATTACHMENT|src/test/xslt/tessy-overview-to-junit/withSkipped/input.pdf]]
          </system-out>
</testcase>
</testsuite>
<testsuite name="Testsuite.Arrays.nested_union" tests="1" failures="0" skipped="0">
<testcase name="Init" tests="1" failures="0" skipped="0">
<system-out>
            [[ATTACHMENT|src/test/xslt/tessy-overview-to-junit/withSkipped/input.xml]]
            [[ATTACHMENT|src/test/xslt/tessy-overview-to-junit/withSkipped/input.pdf]]
          </system-out>
</testcase>
</testsuite>
<testsuite name="Testsuite.Arrays.PointerArray" tests="2" failures="0" skipped="1">
<testcase name="InitArray" tests="1" failures="0" skipped="0">
<system-out>
            [[ATTACHMENT|src/test/xslt/tessy-overview-to-junit/withSkipped/input.xml]]
            [[ATTACHMENT|src/test/xslt/tessy-overview-to-junit/withSkipped/input.pdf]]
          </system-out>
</testcase>
<testcase name="InitArray2" tests="1" failures="0" skipped="1">
<skipped/>
<system-out>
            [[ATTACHMENT|src/test/xslt/tessy-overview-to-junit/withSkipped/input.xml]]
            [[ATTACHMENT|src/test/xslt/tessy-overview-to-junit/withSkipped/input.pdf]]
          </system-out>
</testcase>
</testsuite>
<testsuite name="Testsuite.Arrays.simple" tests="9" failures="0" skipped="1">
<testcase name="GetArray1" tests="1" failures="0" skipped="0">
<system-out>
            [[ATTACHMENT|src/test/xslt/tessy-overview-to-junit/withSkipped/input.xml]]
            [[ATTACHMENT|src/test/xslt/tessy-overview-to-junit/withSkipped/input.pdf]]
          </system-out>
</testcase>
<testcase name="GetArray2" tests="1" failures="0" skipped="0">
<system-out>
            [[ATTACHMENT|src/test/xslt/tessy-overview-to-junit/withSkipped/input.xml]]
            [[ATTACHMENT|src/test/xslt/tessy-overview-to-junit/withSkipped/input.pdf]]
          </system-out>
</testcase>
<testcase name="GetCharArray1" tests="1" failures="0" skipped="0">
<system-out>
            [[ATTACHMENT|src/test/xslt/tessy-overview-to-junit/withSkipped/input.xml]]
            [[ATTACHMENT|src/test/xslt/tessy-overview-to-junit/withSkipped/input.pdf]]
          </system-out>
</testcase>
<testcase name="InitArray1" tests="1" failures="0" skipped="0">
<system-out>
            [[ATTACHMENT|src/test/xslt/tessy-overview-to-junit/withSkipped/input.xml]]
            [[ATTACHMENT|src/test/xslt/tessy-overview-to-junit/withSkipped/input.pdf]]
          </system-out>
</testcase>
<testcase name="InitArray2" tests="1" failures="0" skipped="0">
<system-out>
            [[ATTACHMENT|src/test/xslt/tessy-overview-to-junit/withSkipped/input.xml]]
            [[ATTACHMENT|src/test/xslt/tessy-overview-to-junit/withSkipped/input.pdf]]
          </system-out>
</testcase>
<testcase name="InitArray3" tests="1" failures="0" skipped="0">
<system-out>
            [[ATTACHMENT|src/test/xslt/tessy-overview-to-junit/withSkipped/input.xml]]
            [[ATTACHMENT|src/test/xslt/tessy-overview-to-junit/withSkipped/input.pdf]]
          </system-out>
</testcase>
<testcase name="InitArrayWParam" tests="1" failures="0" skipped="1">
<skipped/>
<system-out>
            [[ATTACHMENT|src/test/xslt/tessy-overview-to-junit/withSkipped/input.xml]]
            [[ATTACHMENT|src/test/xslt/tessy-overview-to-junit/withSkipped/input.pdf]]
          </system-out>
</testcase>
<testcase name="InitCharArray1" tests="1" failures="0" skipped="0">
<system-out>
            [[ATTACHMENT|src/test/xslt/tessy-overview-to-junit/withSkipped/input.xml]]
            [[ATTACHMENT|src/test/xslt/tessy-overview-to-junit/withSkipped/input.pdf]]
          </system-out>
</testcase>
<testcase name="SetArray3" tests="1" failures="0" skipped="0">
<system-out>
            [[ATTACHMENT|src/test/xslt/tessy-overview-to-junit/withSkipped/input.xml]]
            [[ATTACHMENT|src/test/xslt/tessy-overview-to-junit/withSkipped/input.pdf]]
          </system-out>
</testcase>
</testsuite>
<testsuite name="Testsuite.Arrays.sort" tests="6" failures="0" skipped="2">
<testcase name="bubble_sort" tests="1" failures="0" skipped="0">
<system-out>
            [[ATTACHMENT|src/test/xslt/tessy-overview-to-junit/withSkipped/input.xml]]
            [[ATTACHMENT|src/test/xslt/tessy-overview-to-junit/withSkipped/input.pdf]]
          </system-out>
</testcase>
<testcase name="random2" tests="1" failures="0" skipped="1">
<skipped/>
<system-out>
            [[ATTACHMENT|src/test/xslt/tessy-overview-to-junit/withSkipped/input.xml]]
            [[ATTACHMENT|src/test/xslt/tessy-overview-to-junit/withSkipped/input.pdf]]
          </system-out>
</testcase>
<testcase name="search_sort" tests="1" failures="0" skipped="0">
<system-out>
            [[ATTACHMENT|src/test/xslt/tessy-overview-to-junit/withSkipped/input.xml]]
            [[ATTACHMENT|src/test/xslt/tessy-overview-to-junit/withSkipped/input.pdf]]
          </system-out>
</testcase>
<testcase name="shake" tests="1" failures="0" skipped="0">
<system-out>
            [[ATTACHMENT|src/test/xslt/tessy-overview-to-junit/withSkipped/input.xml]]
            [[ATTACHMENT|src/test/xslt/tessy-overview-to-junit/withSkipped/input.pdf]]
          </system-out>
</testcase>
<testcase name="sort" tests="1" failures="0" skipped="0">
<system-out>
            [[ATTACHMENT|src/test/xslt/tessy-overview-to-junit/withSkipped/input.xml]]
            [[ATTACHMENT|src/test/xslt/tessy-overview-to-junit/withSkipped/input.pdf]]
          </system-out>
</testcase>
<testcase name="swap" tests="1" failures="0" skipped="1">
<skipped/>
<system-out>
            [[ATTACHMENT|src/test/xslt/tessy-overview-to-junit/withSkipped/input.xml]]
            [[ATTACHMENT|src/test/xslt/tessy-overview-to-junit/withSkipped/input.pdf]]
          </system-out>
</testcase>
</testsuite>
<testsuite name="Testsuite.Arrays.union-array" tests="6" failures="0" skipped="0">
<testcase name="Get_float" tests="1" failures="0" skipped="0">
<system-out>
            [[ATTACHMENT|src/test/xslt/tessy-overview-to-junit/withSkipped/input.xml]]
            [[ATTACHMENT|src/test/xslt/tessy-overview-to-junit/withSkipped/input.pdf]]
          </system-out>
</testcase>
<testcase name="Get_int" tests="1" failures="0" skipped="0">
<system-out>
            [[ATTACHMENT|src/test/xslt/tessy-overview-to-junit/withSkipped/input.xml]]
            [[ATTACHMENT|src/test/xslt/tessy-overview-to-junit/withSkipped/input.pdf]]
          </system-out>
</testcase>
<testcase name="SetInt" tests="1" failures="0" skipped="0">
<system-out>
            [[ATTACHMENT|src/test/xslt/tessy-overview-to-junit/withSkipped/input.xml]]
            [[ATTACHMENT|src/test/xslt/tessy-overview-to-junit/withSkipped/input.pdf]]
          </system-out>
</testcase>
<testcase name="SetSomething" tests="2" failures="0" skipped="0">
<system-out>
            [[ATTACHMENT|src/test/xslt/tessy-overview-to-junit/withSkipped/input.xml]]
            [[ATTACHMENT|src/test/xslt/tessy-overview-to-junit/withSkipped/input.pdf]]
          </system-out>
</testcase>
<testcase name="Summe" tests="1" failures="0" skipped="0">
<system-out>
            [[ATTACHMENT|src/test/xslt/tessy-overview-to-junit/withSkipped/input.xml]]
            [[ATTACHMENT|src/test/xslt/tessy-overview-to-junit/withSkipped/input.pdf]]
          </system-out>
</testcase>
</testsuite>
<testsuite name="ASAP.ASAP.BMW Tests.Test Project" tests="27" failures="0" skipped="4">
<testcase name="testmbse_advancedstub" tests="4" failures="0" skipped="4">
<skipped/>
<system-out>
            [[ATTACHMENT|src/test/xslt/tessy-overview-to-junit/withSkipped/input.xml]]
            [[ATTACHMENT|src/test/xslt/tessy-overview-to-junit/withSkipped/input.pdf]]
          </system-out>
</testcase>
<testcase name="testmbse_array" tests="4" failures="0" skipped="0">
<system-out>
            [[ATTACHMENT|src/test/xslt/tessy-overview-to-junit/withSkipped/input.xml]]
            [[ATTACHMENT|src/test/xslt/tessy-overview-to-junit/withSkipped/input.pdf]]
          </system-out>
</testcase>
<testcase name="testmbse_enum" tests="8" failures="0" skipped="0">
<system-out>
            [[ATTACHMENT|src/test/xslt/tessy-overview-to-junit/withSkipped/input.xml]]
            [[ATTACHMENT|src/test/xslt/tessy-overview-to-junit/withSkipped/input.pdf]]
          </system-out>
</testcase>
<testcase name="testmbse_stringrange" tests="11" failures="0" skipped="0">
<system-out>
            [[ATTACHMENT|src/test/xslt/tessy-overview-to-junit/withSkipped/input.xml]]
            [[ATTACHMENT|src/test/xslt/tessy-overview-to-junit/withSkipped/input.pdf]]
          </system-out>
</testcase>
</testsuite>
<testsuite name="Testsuite.ASAP.ASAP overflow" tests="4" failures="0" skipped="0">
<testcase name="calc" tests="4" failures="0" skipped="0">
<system-out>
            [[ATTACHMENT|src/test/xslt/tessy-overview-to-junit/withSkipped/input.xml]]
            [[ATTACHMENT|src/test/xslt/tessy-overview-to-junit/withSkipped/input.pdf]]
          </system-out>
</testcase>
</testsuite>
<testsuite name="Testsuite.ASAP.ASAP_Array" tests="3" failures="0" skipped="0">
<testcase name="use_shftfrk_gear_act" tests="1" failures="0" skipped="0">
<system-out>
            [[ATTACHMENT|src/test/xslt/tessy-overview-to-junit/withSkipped/input.xml]]
            [[ATTACHMENT|src/test/xslt/tessy-overview-to-junit/withSkipped/input.pdf]]
          </system-out>
</testcase>
<testcase name="use_shftfrk_gear_act_ARRAY" tests="1" failures="0" skipped="0">
<system-out>
            [[ATTACHMENT|src/test/xslt/tessy-overview-to-junit/withSkipped/input.xml]]
            [[ATTACHMENT|src/test/xslt/tessy-overview-to-junit/withSkipped/input.pdf]]
          </system-out>
</testcase>
<testcase name="use_shftfrk_gear_act_ARRAY_ARRAY" tests="1" failures="0" skipped="0">
<system-out>
            [[ATTACHMENT|src/test/xslt/tessy-overview-to-junit/withSkipped/input.xml]]
            [[ATTACHMENT|src/test/xslt/tessy-overview-to-junit/withSkipped/input.pdf]]
          </system-out>
</testcase>
</testsuite>
<testsuite name="Testsuite.ASAP.ASAP_Optional_Test_File" tests="3" failures="0" skipped="0">
<testcase name="test" tests="3" failures="0" skipped="0">
<system-out>
            [[ATTACHMENT|src/test/xslt/tessy-overview-to-junit/withSkipped/input.xml]]
            [[ATTACHMENT|src/test/xslt/tessy-overview-to-junit/withSkipped/input.pdf]]
          </system-out>
</testcase>
</testsuite>
<testsuite name="Testsuite.Bitfelder.bitfield" tests="4" failures="0" skipped="0">
<testcase name="test1" tests="1" failures="0" skipped="0">
<system-out>
            [[ATTACHMENT|src/test/xslt/tessy-overview-to-junit/withSkipped/input.xml]]
            [[ATTACHMENT|src/test/xslt/tessy-overview-to-junit/withSkipped/input.pdf]]
          </system-out>
</testcase>
<testcase name="test2" tests="1" failures="0" skipped="0">
<system-out>
            [[ATTACHMENT|src/test/xslt/tessy-overview-to-junit/withSkipped/input.xml]]
            [[ATTACHMENT|src/test/xslt/tessy-overview-to-junit/withSkipped/input.pdf]]
          </system-out>
</testcase>
<testcase name="test3" tests="1" failures="0" skipped="0">
<system-out>
            [[ATTACHMENT|src/test/xslt/tessy-overview-to-junit/withSkipped/input.xml]]
            [[ATTACHMENT|src/test/xslt/tessy-overview-to-junit/withSkipped/input.pdf]]
          </system-out>
</testcase>
<testcase name="test4" tests="1" failures="0" skipped="0">
<system-out>
            [[ATTACHMENT|src/test/xslt/tessy-overview-to-junit/withSkipped/input.xml]]
            [[ATTACHMENT|src/test/xslt/tessy-overview-to-junit/withSkipped/input.pdf]]
          </system-out>
</testcase>
</testsuite>
<testsuite name="Testsuite.C++.calculator" tests="15" failures="0" skipped="0">
<testcase name="Calculator.calculate(int,int,OPERATOR)" tests="6" failures="0" skipped="0">
<system-out>
            [[ATTACHMENT|src/test/xslt/tessy-overview-to-junit/withSkipped/input.xml]]
            [[ATTACHMENT|src/test/xslt/tessy-overview-to-junit/withSkipped/input.pdf]]
          </system-out>
</testcase>
<testcase name="Calculator.Calculator()" tests="1" failures="0" skipped="0">
<system-out>
            [[ATTACHMENT|src/test/xslt/tessy-overview-to-junit/withSkipped/input.xml]]
            [[ATTACHMENT|src/test/xslt/tessy-overview-to-junit/withSkipped/input.pdf]]
          </system-out>
</testcase>
<testcase name="Calculator.Calculator(int)" tests="2" failures="0" skipped="0">
<system-out>
            [[ATTACHMENT|src/test/xslt/tessy-overview-to-junit/withSkipped/input.xml]]
            [[ATTACHMENT|src/test/xslt/tessy-overview-to-junit/withSkipped/input.pdf]]
          </system-out>
</testcase>
<testcase name="Calculator.get(int &amp;)" tests="1" failures="0" skipped="0">
<system-out>
            [[ATTACHMENT|src/test/xslt/tessy-overview-to-junit/withSkipped/input.xml]]
            [[ATTACHMENT|src/test/xslt/tessy-overview-to-junit/withSkipped/input.pdf]]
          </system-out>
</testcase>
<testcase name="Calculator.getset(int &amp;)" tests="1" failures="0" skipped="0">
<system-out>
            [[ATTACHMENT|src/test/xslt/tessy-overview-to-junit/withSkipped/input.xml]]
            [[ATTACHMENT|src/test/xslt/tessy-overview-to-junit/withSkipped/input.pdf]]
          </system-out>
</testcase>
<testcase name="Calculator.getValue()" tests="2" failures="0" skipped="0">
<system-out>
            [[ATTACHMENT|src/test/xslt/tessy-overview-to-junit/withSkipped/input.xml]]
            [[ATTACHMENT|src/test/xslt/tessy-overview-to-junit/withSkipped/input.pdf]]
          </system-out>
</testcase>
<testcase name="Calculator.init(int)" tests="2" failures="0" skipped="0">
<system-out>
            [[ATTACHMENT|src/test/xslt/tessy-overview-to-junit/withSkipped/input.xml]]
            [[ATTACHMENT|src/test/xslt/tessy-overview-to-junit/withSkipped/input.pdf]]
          </system-out>
</testcase>
</testsuite>
<testsuite name="Testsuite.C++.point" tests="26" failures="0" skipped="6">
<testcase name="Line.getP1()" tests="1" failures="0" skipped="0">
<system-out>
            [[ATTACHMENT|src/test/xslt/tessy-overview-to-junit/withSkipped/input.xml]]
            [[ATTACHMENT|src/test/xslt/tessy-overview-to-junit/withSkipped/input.pdf]]
          </system-out>
</testcase>
<testcase name="Line.getP2()" tests="1" failures="0" skipped="0">
<system-out>
            [[ATTACHMENT|src/test/xslt/tessy-overview-to-junit/withSkipped/input.xml]]
            [[ATTACHMENT|src/test/xslt/tessy-overview-to-junit/withSkipped/input.pdf]]
          </system-out>
</testcase>
<testcase name="Line.length()" tests="1" failures="0" skipped="0">
<system-out>
            [[ATTACHMENT|src/test/xslt/tessy-overview-to-junit/withSkipped/input.xml]]
            [[ATTACHMENT|src/test/xslt/tessy-overview-to-junit/withSkipped/input.pdf]]
          </system-out>
</testcase>
<testcase name="Line.Line(class Point &amp;,class Point &amp;)" tests="1" failures="0" skipped="0">
<system-out>
            [[ATTACHMENT|src/test/xslt/tessy-overview-to-junit/withSkipped/input.xml]]
            [[ATTACHMENT|src/test/xslt/tessy-overview-to-junit/withSkipped/input.pdf]]
          </system-out>
</testcase>
<testcase name="Point.getY()" tests="2" failures="0" skipped="0">
<system-out>
            [[ATTACHMENT|src/test/xslt/tessy-overview-to-junit/withSkipped/input.xml]]
            [[ATTACHMENT|src/test/xslt/tessy-overview-to-junit/withSkipped/input.pdf]]
          </system-out>
</testcase>
<testcase name="Point.move(class Point &amp;)" tests="1" failures="0" skipped="0">
<system-out>
            [[ATTACHMENT|src/test/xslt/tessy-overview-to-junit/withSkipped/input.xml]]
            [[ATTACHMENT|src/test/xslt/tessy-overview-to-junit/withSkipped/input.pdf]]
          </system-out>
</testcase>
<testcase name="Point.move(int,int)" tests="2" failures="0" skipped="0">
<system-out>
            [[ATTACHMENT|src/test/xslt/tessy-overview-to-junit/withSkipped/input.xml]]
            [[ATTACHMENT|src/test/xslt/tessy-overview-to-junit/withSkipped/input.pdf]]
          </system-out>
</testcase>
<testcase name="Point.moveByVal(class Point)" tests="1" failures="0" skipped="0">
<system-out>
            [[ATTACHMENT|src/test/xslt/tessy-overview-to-junit/withSkipped/input.xml]]
            [[ATTACHMENT|src/test/xslt/tessy-overview-to-junit/withSkipped/input.pdf]]
          </system-out>
</testcase>
<testcase name="Point.moveX(int &amp;)" tests="2" failures="0" skipped="0">
<system-out>
            [[ATTACHMENT|src/test/xslt/tessy-overview-to-junit/withSkipped/input.xml]]
            [[ATTACHMENT|src/test/xslt/tessy-overview-to-junit/withSkipped/input.pdf]]
          </system-out>
</testcase>
<testcase name="Point.operator=(const class Point &amp;)" tests="1" failures="0" skipped="0">
<system-out>
            [[ATTACHMENT|src/test/xslt/tessy-overview-to-junit/withSkipped/input.xml]]
            [[ATTACHMENT|src/test/xslt/tessy-overview-to-junit/withSkipped/input.pdf]]
          </system-out>
</testcase>
<testcase name="Point.Point()" tests="1" failures="0" skipped="0">
<system-out>
            [[ATTACHMENT|src/test/xslt/tessy-overview-to-junit/withSkipped/input.xml]]
            [[ATTACHMENT|src/test/xslt/tessy-overview-to-junit/withSkipped/input.pdf]]
          </system-out>
</testcase>
<testcase name="Point.Point(class Point &amp;)" tests="1" failures="0" skipped="0">
<system-out>
            [[ATTACHMENT|src/test/xslt/tessy-overview-to-junit/withSkipped/input.xml]]
            [[ATTACHMENT|src/test/xslt/tessy-overview-to-junit/withSkipped/input.pdf]]
          </system-out>
</testcase>
<testcase name="Point.Point(int,int)" tests="2" failures="0" skipped="0">
<system-out>
            [[ATTACHMENT|src/test/xslt/tessy-overview-to-junit/withSkipped/input.xml]]
            [[ATTACHMENT|src/test/xslt/tessy-overview-to-junit/withSkipped/input.pdf]]
          </system-out>
</testcase>
<testcase name="Point.setX(int)" tests="1" failures="0" skipped="0">
<system-out>
            [[ATTACHMENT|src/test/xslt/tessy-overview-to-junit/withSkipped/input.xml]]
            [[ATTACHMENT|src/test/xslt/tessy-overview-to-junit/withSkipped/input.pdf]]
          </system-out>
</testcase>
<testcase name="Point.setY(int)" tests="1" failures="0" skipped="0">
<system-out>
            [[ATTACHMENT|src/test/xslt/tessy-overview-to-junit/withSkipped/input.xml]]
            [[ATTACHMENT|src/test/xslt/tessy-overview-to-junit/withSkipped/input.pdf]]
          </system-out>
</testcase>
<testcase name="Rectangle.getA()" tests="1" failures="0" skipped="1">
<skipped/>
<system-out>
            [[ATTACHMENT|src/test/xslt/tessy-overview-to-junit/withSkipped/input.xml]]
            [[ATTACHMENT|src/test/xslt/tessy-overview-to-junit/withSkipped/input.pdf]]
          </system-out>
</testcase>
<testcase name="Rectangle.getA_Y()" tests="1" failures="0" skipped="1">
<skipped/>
<system-out>
            [[ATTACHMENT|src/test/xslt/tessy-overview-to-junit/withSkipped/input.xml]]
            [[ATTACHMENT|src/test/xslt/tessy-overview-to-junit/withSkipped/input.pdf]]
          </system-out>
</testcase>
<testcase name="Rectangle.Init()" tests="1" failures="0" skipped="1">
<skipped/>
<system-out>
            [[ATTACHMENT|src/test/xslt/tessy-overview-to-junit/withSkipped/input.xml]]
            [[ATTACHMENT|src/test/xslt/tessy-overview-to-junit/withSkipped/input.pdf]]
          </system-out>
</testcase>
<testcase name="Rectangle.Rectangle()" tests="1" failures="0" skipped="0">
<system-out>
            [[ATTACHMENT|src/test/xslt/tessy-overview-to-junit/withSkipped/input.xml]]
            [[ATTACHMENT|src/test/xslt/tessy-overview-to-junit/withSkipped/input.pdf]]
          </system-out>
</testcase>
<testcase name="Rectangle.setA(class Point *)" tests="2" failures="0" skipped="2">
<skipped/>
<system-out>
            [[ATTACHMENT|src/test/xslt/tessy-overview-to-junit/withSkipped/input.xml]]
            [[ATTACHMENT|src/test/xslt/tessy-overview-to-junit/withSkipped/input.pdf]]
          </system-out>
</testcase>
<testcase name="Rectangle.setA(int,int)" tests="1" failures="0" skipped="1">
<skipped/>
<system-out>
            [[ATTACHMENT|src/test/xslt/tessy-overview-to-junit/withSkipped/input.xml]]
            [[ATTACHMENT|src/test/xslt/tessy-overview-to-junit/withSkipped/input.pdf]]
          </system-out>
</testcase>
</testsuite>
<testsuite name="Testsuite.C0.Function Without Branches" tests="2" failures="0" skipped="0">
<testcase name="int_only_function_calls" tests="1" failures="0" skipped="0">
<system-out>
            [[ATTACHMENT|src/test/xslt/tessy-overview-to-junit/withSkipped/input.xml]]
            [[ATTACHMENT|src/test/xslt/tessy-overview-to-junit/withSkipped/input.pdf]]
          </system-out>
</testcase>
<testcase name="void_only_function_calls" tests="1" failures="0" skipped="0">
<system-out>
            [[ATTACHMENT|src/test/xslt/tessy-overview-to-junit/withSkipped/input.xml]]
            [[ATTACHMENT|src/test/xslt/tessy-overview-to-junit/withSkipped/input.pdf]]
          </system-out>
</testcase>
</testsuite>
<testsuite name="Testsuite.C1.Many" tests="1" failures="0" skipped="0">
<testcase name="foo" tests="1" failures="0" skipped="0">
<system-out>
            [[ATTACHMENT|src/test/xslt/tessy-overview-to-junit/withSkipped/input.xml]]
            [[ATTACHMENT|src/test/xslt/tessy-overview-to-junit/withSkipped/input.pdf]]
          </system-out>
</testcase>
</testsuite>
<testsuite name="Testsuite.C1.MultiFile" tests="6" failures="0" skipped="0">
<testcase name="ChangeWert" tests="1" failures="0" skipped="0">
<system-out>
            [[ATTACHMENT|src/test/xslt/tessy-overview-to-junit/withSkipped/input.xml]]
            [[ATTACHMENT|src/test/xslt/tessy-overview-to-junit/withSkipped/input.pdf]]
          </system-out>
</testcase>
<testcase name="decrement" tests="1" failures="0" skipped="0">
<system-out>
            [[ATTACHMENT|src/test/xslt/tessy-overview-to-junit/withSkipped/input.xml]]
            [[ATTACHMENT|src/test/xslt/tessy-overview-to-junit/withSkipped/input.pdf]]
          </system-out>
</testcase>
<testcase name="Dummy" tests="1" failures="0" skipped="0">
<system-out>
            [[ATTACHMENT|src/test/xslt/tessy-overview-to-junit/withSkipped/input.xml]]
            [[ATTACHMENT|src/test/xslt/tessy-overview-to-junit/withSkipped/input.pdf]]
          </system-out>
</testcase>
<testcase name="increment" tests="1" failures="0" skipped="0">
<system-out>
            [[ATTACHMENT|src/test/xslt/tessy-overview-to-junit/withSkipped/input.xml]]
            [[ATTACHMENT|src/test/xslt/tessy-overview-to-junit/withSkipped/input.pdf]]
          </system-out>
</testcase>
<testcase name="NotCalledFunction" tests="1" failures="0" skipped="0">
<system-out>
            [[ATTACHMENT|src/test/xslt/tessy-overview-to-junit/withSkipped/input.xml]]
            [[ATTACHMENT|src/test/xslt/tessy-overview-to-junit/withSkipped/input.pdf]]
          </system-out>
</testcase>
<testcase name="Reset" tests="1" failures="0" skipped="0">
<system-out>
            [[ATTACHMENT|src/test/xslt/tessy-overview-to-junit/withSkipped/input.xml]]
            [[ATTACHMENT|src/test/xslt/tessy-overview-to-junit/withSkipped/input.pdf]]
          </system-out>
</testcase>
</testsuite>
<testsuite name="Testsuite.C1.SingleFile" tests="1" failures="0" skipped="0">
<testcase name="ChangeWert" tests="1" failures="0" skipped="0">
<system-out>
            [[ATTACHMENT|src/test/xslt/tessy-overview-to-junit/withSkipped/input.xml]]
            [[ATTACHMENT|src/test/xslt/tessy-overview-to-junit/withSkipped/input.pdf]]
          </system-out>
</testcase>
</testsuite>
<testsuite name="Testsuite.CLI force reuse.force execute" tests="5" failures="1" skipped="0">
<testcase name="changed_define_remove_call" tests="1" failures="0" skipped="0">
<system-out>
            [[ATTACHMENT|src/test/xslt/tessy-overview-to-junit/withSkipped/input.xml]]
            [[ATTACHMENT|src/test/xslt/tessy-overview-to-junit/withSkipped/input.pdf]]
          </system-out>
</testcase>
<testcase name="func_not_use_c" tests="2" failures="0" skipped="0">
<system-out>
            [[ATTACHMENT|src/test/xslt/tessy-overview-to-junit/withSkipped/input.xml]]
            [[ATTACHMENT|src/test/xslt/tessy-overview-to-junit/withSkipped/input.pdf]]
          </system-out>
</testcase>
<testcase name="use_enum" tests="1" failures="1" skipped="0">
<failure/>
<system-out>
            [[ATTACHMENT|src/test/xslt/tessy-overview-to-junit/withSkipped/input.xml]]
            [[ATTACHMENT|src/test/xslt/tessy-overview-to-junit/withSkipped/input.pdf]]
          </system-out>
</testcase>
<testcase name="use_removed_define_and_variable" tests="1" failures="0" skipped="0">
<system-out>
            [[ATTACHMENT|src/test/xslt/tessy-overview-to-junit/withSkipped/input.xml]]
            [[ATTACHMENT|src/test/xslt/tessy-overview-to-junit/withSkipped/input.pdf]]
          </system-out>
</testcase>
</testsuite>
<testsuite name="Testsuite.Commandline Setup.AddAllSettings" tests="6" failures="0" skipped="0">
<testcase name="toBeExecutedNormally" tests="3" failures="0" skipped="0">
<system-out>
            [[ATTACHMENT|src/test/xslt/tessy-overview-to-junit/withSkipped/input.xml]]
            [[ATTACHMENT|src/test/xslt/tessy-overview-to-junit/withSkipped/input.pdf]]
          </system-out>
</testcase>
<testcase name="toBeExecutedSeparately" tests="3" failures="0" skipped="0">
<system-out>
            [[ATTACHMENT|src/test/xslt/tessy-overview-to-junit/withSkipped/input.xml]]
            [[ATTACHMENT|src/test/xslt/tessy-overview-to-junit/withSkipped/input.pdf]]
          </system-out>
</testcase>
</testsuite>
<testsuite name="Testsuite.Commandline Setup.ChangeSettings" tests="6" failures="0" skipped="0">
<testcase name="toBeExecutedNormally" tests="3" failures="0" skipped="0">
<system-out>
            [[ATTACHMENT|src/test/xslt/tessy-overview-to-junit/withSkipped/input.xml]]
            [[ATTACHMENT|src/test/xslt/tessy-overview-to-junit/withSkipped/input.pdf]]
          </system-out>
</testcase>
<testcase name="toBeExecutedSeparately" tests="3" failures="0" skipped="0">
<system-out>
            [[ATTACHMENT|src/test/xslt/tessy-overview-to-junit/withSkipped/input.xml]]
            [[ATTACHMENT|src/test/xslt/tessy-overview-to-junit/withSkipped/input.pdf]]
          </system-out>
</testcase>
</testsuite>
<testsuite name="Testsuite.ComponentTest.calllcount" tests="2" failures="0" skipped="0">
<testcase name="Scenarios" tests="2" failures="0" skipped="0">
<system-out>
            [[ATTACHMENT|src/test/xslt/tessy-overview-to-junit/withSkipped/input.xml]]
            [[ATTACHMENT|src/test/xslt/tessy-overview-to-junit/withSkipped/input.pdf]]
          </system-out>
</testcase>
</testsuite>
<testsuite name="Testsuite.ComponentTest.ComponentFunctionParameter" tests="1" failures="0" skipped="0">
<testcase name="Scenarios" tests="1" failures="0" skipped="0">
<system-out>
            [[ATTACHMENT|src/test/xslt/tessy-overview-to-junit/withSkipped/input.xml]]
            [[ATTACHMENT|src/test/xslt/tessy-overview-to-junit/withSkipped/input.pdf]]
          </system-out>
</testcase>
</testsuite>
<testsuite name="Testsuite.ComponentTest.DecrementHandler" tests="7" failures="0" skipped="0">
<testcase name="Scenarios" tests="7" failures="0" skipped="0">
<system-out>
            [[ATTACHMENT|src/test/xslt/tessy-overview-to-junit/withSkipped/input.xml]]
            [[ATTACHMENT|src/test/xslt/tessy-overview-to-junit/withSkipped/input.pdf]]
          </system-out>
</testcase>
</testsuite>
<testsuite name="Testsuite.ComponentTest.init_zero_ts_problem" tests="6" failures="0" skipped="0">
<testcase name="Scenarios" tests="6" failures="0" skipped="0">
<system-out>
            [[ATTACHMENT|src/test/xslt/tessy-overview-to-junit/withSkipped/input.xml]]
            [[ATTACHMENT|src/test/xslt/tessy-overview-to-junit/withSkipped/input.pdf]]
          </system-out>
</testcase>
</testsuite>
<testsuite name="Testsuite.ComponentTest.report_with_init_timestep_data" tests="5" failures="0" skipped="0">
<testcase name="Scenarios" tests="5" failures="0" skipped="0">
<system-out>
            [[ATTACHMENT|src/test/xslt/tessy-overview-to-junit/withSkipped/input.xml]]
            [[ATTACHMENT|src/test/xslt/tessy-overview-to-junit/withSkipped/input.pdf]]
          </system-out>
</testcase>
</testsuite>
<testsuite name="Testsuite.ComponentTest.report_with_init_timestep_no_data" tests="1" failures="0" skipped="0">
<testcase name="Scenarios" tests="1" failures="0" skipped="0">
<system-out>
            [[ATTACHMENT|src/test/xslt/tessy-overview-to-junit/withSkipped/input.xml]]
            [[ATTACHMENT|src/test/xslt/tessy-overview-to-junit/withSkipped/input.pdf]]
          </system-out>
</testcase>
</testsuite>
<testsuite name="Testsuite.ComponentTest.Stack" tests="3" failures="0" skipped="0">
<testcase name="Scenarios" tests="3" failures="0" skipped="0">
<system-out>
            [[ATTACHMENT|src/test/xslt/tessy-overview-to-junit/withSkipped/input.xml]]
            [[ATTACHMENT|src/test/xslt/tessy-overview-to-junit/withSkipped/input.pdf]]
          </system-out>
</testcase>
</testsuite>
<testsuite name="Testsuite.CompOptionsTest.Define" tests="4" failures="0" skipped="0">
<testcase name="testfunc1" tests="2" failures="0" skipped="0">
<system-out>
            [[ATTACHMENT|src/test/xslt/tessy-overview-to-junit/withSkipped/input.xml]]
            [[ATTACHMENT|src/test/xslt/tessy-overview-to-junit/withSkipped/input.pdf]]
          </system-out>
</testcase>
<testcase name="testfunc2" tests="2" failures="0" skipped="0">
<system-out>
            [[ATTACHMENT|src/test/xslt/tessy-overview-to-junit/withSkipped/input.xml]]
            [[ATTACHMENT|src/test/xslt/tessy-overview-to-junit/withSkipped/input.pdf]]
          </system-out>
</testcase>
</testsuite>
<testsuite name="Testsuite.CompOptionsTest.Define2" tests="3" failures="0" skipped="0">
<testcase name="testfunc4" tests="1" failures="0" skipped="0">
<system-out>
            [[ATTACHMENT|src/test/xslt/tessy-overview-to-junit/withSkipped/input.xml]]
            [[ATTACHMENT|src/test/xslt/tessy-overview-to-junit/withSkipped/input.pdf]]
          </system-out>
</testcase>
<testcase name="testfunc5" tests="1" failures="0" skipped="0">
<system-out>
            [[ATTACHMENT|src/test/xslt/tessy-overview-to-junit/withSkipped/input.xml]]
            [[ATTACHMENT|src/test/xslt/tessy-overview-to-junit/withSkipped/input.pdf]]
          </system-out>
</testcase>
<testcase name="testfunc6" tests="1" failures="0" skipped="0">
<system-out>
            [[ATTACHMENT|src/test/xslt/tessy-overview-to-junit/withSkipped/input.xml]]
            [[ATTACHMENT|src/test/xslt/tessy-overview-to-junit/withSkipped/input.pdf]]
          </system-out>
</testcase>
</testsuite>
<testsuite name="Testsuite.CompOptionsTest.Include3" tests="2" failures="0" skipped="0">
<testcase name="testfunc3" tests="2" failures="0" skipped="0">
<system-out>
            [[ATTACHMENT|src/test/xslt/tessy-overview-to-junit/withSkipped/input.xml]]
            [[ATTACHMENT|src/test/xslt/tessy-overview-to-junit/withSkipped/input.pdf]]
          </system-out>
</testcase>
</testsuite>
<testsuite name="Testsuite.CompOptionsTest.Include4" tests="3" failures="0" skipped="0">
<testcase name="testfunc7" tests="1" failures="0" skipped="0">
<system-out>
            [[ATTACHMENT|src/test/xslt/tessy-overview-to-junit/withSkipped/input.xml]]
            [[ATTACHMENT|src/test/xslt/tessy-overview-to-junit/withSkipped/input.pdf]]
          </system-out>
</testcase>
<testcase name="testfunc8" tests="1" failures="0" skipped="0">
<system-out>
            [[ATTACHMENT|src/test/xslt/tessy-overview-to-junit/withSkipped/input.xml]]
            [[ATTACHMENT|src/test/xslt/tessy-overview-to-junit/withSkipped/input.pdf]]
          </system-out>
</testcase>
<testcase name="testfunc9" tests="1" failures="0" skipped="0">
<system-out>
            [[ATTACHMENT|src/test/xslt/tessy-overview-to-junit/withSkipped/input.xml]]
            [[ATTACHMENT|src/test/xslt/tessy-overview-to-junit/withSkipped/input.pdf]]
          </system-out>
</testcase>
</testsuite>
<testsuite name="Conversion.Conversion.Daimler.AAT" tests="23" failures="0" skipped="0">
<testcase name="Aat_Proc1" tests="17" failures="0" skipped="0">
<system-out>
            [[ATTACHMENT|src/test/xslt/tessy-overview-to-junit/withSkipped/input.xml]]
            [[ATTACHMENT|src/test/xslt/tessy-overview-to-junit/withSkipped/input.pdf]]
          </system-out>
</testcase>
<testcase name="Aat_Proc1_init" tests="1" failures="0" skipped="0">
<system-out>
            [[ATTACHMENT|src/test/xslt/tessy-overview-to-junit/withSkipped/input.xml]]
            [[ATTACHMENT|src/test/xslt/tessy-overview-to-junit/withSkipped/input.pdf]]
          </system-out>
</testcase>
<testcase name="RESTART_Saatproc1116_ErrEP" tests="1" failures="0" skipped="0">
<system-out>
            [[ATTACHMENT|src/test/xslt/tessy-overview-to-junit/withSkipped/input.xml]]
            [[ATTACHMENT|src/test/xslt/tessy-overview-to-junit/withSkipped/input.pdf]]
          </system-out>
</testcase>
<testcase name="RESTART_Saatproc140_ErrEP" tests="1" failures="0" skipped="0">
<system-out>
            [[ATTACHMENT|src/test/xslt/tessy-overview-to-junit/withSkipped/input.xml]]
            [[ATTACHMENT|src/test/xslt/tessy-overview-to-junit/withSkipped/input.pdf]]
          </system-out>
</testcase>
<testcase name="RESTART_Saatproc153_ErrEP" tests="1" failures="0" skipped="0">
<system-out>
            [[ATTACHMENT|src/test/xslt/tessy-overview-to-junit/withSkipped/input.xml]]
            [[ATTACHMENT|src/test/xslt/tessy-overview-to-junit/withSkipped/input.pdf]]
          </system-out>
</testcase>
<testcase name="RESTART_Saatproc168_ErrEP" tests="1" failures="0" skipped="0">
<system-out>
            [[ATTACHMENT|src/test/xslt/tessy-overview-to-junit/withSkipped/input.xml]]
            [[ATTACHMENT|src/test/xslt/tessy-overview-to-junit/withSkipped/input.pdf]]
          </system-out>
</testcase>
<testcase name="RESTART_Saatproc191_ErrEP" tests="1" failures="0" skipped="0">
<system-out>
            [[ATTACHMENT|src/test/xslt/tessy-overview-to-junit/withSkipped/input.xml]]
            [[ATTACHMENT|src/test/xslt/tessy-overview-to-junit/withSkipped/input.pdf]]
          </system-out>
</testcase>
</testsuite>
<testsuite name="Testsuite.Conversion.ASAP_to_be_opened_manually_before_execution" tests="3" failures="0" skipped="0">
<testcase name="CalcRecommendedSpeed" tests="3" failures="0" skipped="0">
<system-out>
            [[ATTACHMENT|src/test/xslt/tessy-overview-to-junit/withSkipped/input.xml]]
            [[ATTACHMENT|src/test/xslt/tessy-overview-to-junit/withSkipped/input.pdf]]
          </system-out>
</testcase>
</testsuite>
<testsuite name="Testsuite.Conversion.atm" tests="14" failures="0" skipped="0">
<testcase name="test_signed" tests="7" failures="0" skipped="0">
<system-out>
            [[ATTACHMENT|src/test/xslt/tessy-overview-to-junit/withSkipped/input.xml]]
            [[ATTACHMENT|src/test/xslt/tessy-overview-to-junit/withSkipped/input.pdf]]
          </system-out>
</testcase>
<testcase name="test_unsigned" tests="7" failures="0" skipped="0">
<system-out>
            [[ATTACHMENT|src/test/xslt/tessy-overview-to-junit/withSkipped/input.xml]]
            [[ATTACHMENT|src/test/xslt/tessy-overview-to-junit/withSkipped/input.pdf]]
          </system-out>
</testcase>
</testsuite>
<testsuite name="Testsuite.Conversion.atm_min_max_values" tests="22" failures="0" skipped="0">
<testcase name="test_input_signed" tests="6" failures="0" skipped="0">
<system-out>
            [[ATTACHMENT|src/test/xslt/tessy-overview-to-junit/withSkipped/input.xml]]
            [[ATTACHMENT|src/test/xslt/tessy-overview-to-junit/withSkipped/input.pdf]]
          </system-out>
</testcase>
<testcase name="test_input_unsigned" tests="5" failures="0" skipped="0">
<system-out>
            [[ATTACHMENT|src/test/xslt/tessy-overview-to-junit/withSkipped/input.xml]]
            [[ATTACHMENT|src/test/xslt/tessy-overview-to-junit/withSkipped/input.pdf]]
          </system-out>
</testcase>
<testcase name="test_signed" tests="6" failures="0" skipped="0">
<system-out>
            [[ATTACHMENT|src/test/xslt/tessy-overview-to-junit/withSkipped/input.xml]]
            [[ATTACHMENT|src/test/xslt/tessy-overview-to-junit/withSkipped/input.pdf]]
          </system-out>
</testcase>
<testcase name="test_unsigned" tests="5" failures="0" skipped="0">
<system-out>
            [[ATTACHMENT|src/test/xslt/tessy-overview-to-junit/withSkipped/input.xml]]
            [[ATTACHMENT|src/test/xslt/tessy-overview-to-junit/withSkipped/input.pdf]]
          </system-out>
</testcase>
</testsuite>
<testsuite name="Testsuite.Conversion.atm_tstconv_as_conversion_parameter" tests="14" failures="0" skipped="0">
<testcase name="test_signed" tests="7" failures="0" skipped="0">
<system-out>
            [[ATTACHMENT|src/test/xslt/tessy-overview-to-junit/withSkipped/input.xml]]
            [[ATTACHMENT|src/test/xslt/tessy-overview-to-junit/withSkipped/input.pdf]]
          </system-out>
</testcase>
<testcase name="test_unsigned" tests="7" failures="0" skipped="0">
<system-out>
            [[ATTACHMENT|src/test/xslt/tessy-overview-to-junit/withSkipped/input.xml]]
            [[ATTACHMENT|src/test/xslt/tessy-overview-to-junit/withSkipped/input.pdf]]
          </system-out>
</testcase>
</testsuite>
<testsuite name="Testsuite.CustomerProblems.adwand" tests="1" failures="0" skipped="1">
<testcase name="adwand" tests="1" failures="0" skipped="1">
<skipped/>
<system-out>
            [[ATTACHMENT|src/test/xslt/tessy-overview-to-junit/withSkipped/input.xml]]
            [[ATTACHMENT|src/test/xslt/tessy-overview-to-junit/withSkipped/input.pdf]]
          </system-out>
</testcase>
</testsuite>
<testsuite name="Testsuite.CustomerProblems.array_nDT" tests="1" failures="0" skipped="0">
<testcase name="array_TC32" tests="1" failures="0" skipped="0">
<system-out>
            [[ATTACHMENT|src/test/xslt/tessy-overview-to-junit/withSkipped/input.xml]]
            [[ATTACHMENT|src/test/xslt/tessy-overview-to-junit/withSkipped/input.pdf]]
          </system-out>
</testcase>
</testsuite>
<testsuite name="Testsuite.CustomerProblems.diskrep" tests="2" failures="0" skipped="0">
<testcase name="Diskrepanz" tests="1" failures="0" skipped="0">
<system-out>
            [[ATTACHMENT|src/test/xslt/tessy-overview-to-junit/withSkipped/input.xml]]
            [[ATTACHMENT|src/test/xslt/tessy-overview-to-junit/withSkipped/input.pdf]]
          </system-out>
</testcase>
<testcase name="GeneriereFehlercode" tests="1" failures="0" skipped="0">
<system-out>
            [[ATTACHMENT|src/test/xslt/tessy-overview-to-junit/withSkipped/input.xml]]
            [[ATTACHMENT|src/test/xslt/tessy-overview-to-junit/withSkipped/input.pdf]]
          </system-out>
</testcase>
</testsuite>
<testsuite name="Testsuite.CustomerProblems.fastTest" tests="1" failures="0" skipped="1">
<testcase name="testFunktion_complexArray" tests="1" failures="0" skipped="1">
<skipped/>
<system-out>
            [[ATTACHMENT|src/test/xslt/tessy-overview-to-junit/withSkipped/input.xml]]
            [[ATTACHMENT|src/test/xslt/tessy-overview-to-junit/withSkipped/input.pdf]]
          </system-out>
</testcase>
</testsuite>
<testsuite name="Testsuite.CustomerProblems.Hella_H_Wittland" tests="3" failures="0" skipped="3">
<testcase name="SctGetVariantInfo" tests="3" failures="0" skipped="3">
<skipped/>
<system-out>
            [[ATTACHMENT|src/test/xslt/tessy-overview-to-junit/withSkipped/input.xml]]
            [[ATTACHMENT|src/test/xslt/tessy-overview-to-junit/withSkipped/input.pdf]]
          </system-out>
</testcase>
</testsuite>
<testsuite name="Testsuite.CustomerProblems.InvEnum" tests="8" failures="0" skipped="0">
<testcase name="POS2_vCyclic" tests="8" failures="0" skipped="0">
<system-out>
            [[ATTACHMENT|src/test/xslt/tessy-overview-to-junit/withSkipped/input.xml]]
            [[ATTACHMENT|src/test/xslt/tessy-overview-to-junit/withSkipped/input.pdf]]
          </system-out>
</testcase>
</testsuite>
<testsuite name="Testsuite.CustomerProblems.linkedlist" tests="1" failures="0" skipped="0">
<testcase name="UpdtLinkedList" tests="1" failures="0" skipped="0">
<system-out>
            [[ATTACHMENT|src/test/xslt/tessy-overview-to-junit/withSkipped/input.xml]]
            [[ATTACHMENT|src/test/xslt/tessy-overview-to-junit/withSkipped/input.pdf]]
          </system-out>
</testcase>
</testsuite>
<testsuite name="Testsuite.CustomerProblems.Micron_H_Endres" tests="2" failures="0" skipped="0">
<testcase name="test" tests="1" failures="0" skipped="0">
<system-out>
            [[ATTACHMENT|src/test/xslt/tessy-overview-to-junit/withSkipped/input.xml]]
            [[ATTACHMENT|src/test/xslt/tessy-overview-to-junit/withSkipped/input.pdf]]
          </system-out>
</testcase>
<testcase name="test_unused_external" tests="1" failures="0" skipped="0">
<system-out>
            [[ATTACHMENT|src/test/xslt/tessy-overview-to-junit/withSkipped/input.xml]]
            [[ATTACHMENT|src/test/xslt/tessy-overview-to-junit/withSkipped/input.pdf]]
          </system-out>
</testcase>
</testsuite>
<testsuite name="Testsuite.CustomerProblems.Micron_H_Endres_2" tests="1" failures="0" skipped="0">
<testcase name="CAN_InitDevice" tests="1" failures="0" skipped="0">
<system-out>
            [[ATTACHMENT|src/test/xslt/tessy-overview-to-junit/withSkipped/input.xml]]
            [[ATTACHMENT|src/test/xslt/tessy-overview-to-junit/withSkipped/input.pdf]]
          </system-out>
</testcase>
</testsuite>
<testsuite name="Testsuite.CustomerProblems.ntagr" tests="17" failures="0" skipped="17">
<testcase name="ntagr_1000ms" tests="1" failures="0" skipped="1">
<skipped/>
<system-out>
            [[ATTACHMENT|src/test/xslt/tessy-overview-to-junit/withSkipped/input.xml]]
            [[ATTACHMENT|src/test/xslt/tessy-overview-to-junit/withSkipped/input.pdf]]
          </system-out>
</testcase>
<testcase name="ntagr_100ms" tests="15" failures="0" skipped="15">
<skipped/>
<system-out>
            [[ATTACHMENT|src/test/xslt/tessy-overview-to-junit/withSkipped/input.xml]]
            [[ATTACHMENT|src/test/xslt/tessy-overview-to-junit/withSkipped/input.pdf]]
          </system-out>
</testcase>
<testcase name="ntagr_ini2" tests="1" failures="0" skipped="1">
<skipped/>
<system-out>
            [[ATTACHMENT|src/test/xslt/tessy-overview-to-junit/withSkipped/input.xml]]
            [[ATTACHMENT|src/test/xslt/tessy-overview-to-junit/withSkipped/input.pdf]]
          </system-out>
</testcase>
</testsuite>
<testsuite name="Testsuite.CustomerProblems.recurse" tests="1" failures="0" skipped="1">
<testcase name="foo" tests="1" failures="0" skipped="1">
<skipped/>
<system-out>
            [[ATTACHMENT|src/test/xslt/tessy-overview-to-junit/withSkipped/input.xml]]
            [[ATTACHMENT|src/test/xslt/tessy-overview-to-junit/withSkipped/input.pdf]]
          </system-out>
</testcase>
</testsuite>
<testsuite name="Testsuite.CustomerProblems.union" tests="1" failures="0" skipped="0">
<testcase name="union_cd_st_TC25" tests="1" failures="0" skipped="0">
<system-out>
            [[ATTACHMENT|src/test/xslt/tessy-overview-to-junit/withSkipped/input.xml]]
            [[ATTACHMENT|src/test/xslt/tessy-overview-to-junit/withSkipped/input.pdf]]
          </system-out>
</testcase>
</testsuite>
<testsuite name="Testsuite.CustomerProblems.Voltag" tests="1" failures="0" skipped="0">
<testcase name="F_U_Init_After_STOP" tests="1" failures="0" skipped="0">
<system-out>
            [[ATTACHMENT|src/test/xslt/tessy-overview-to-junit/withSkipped/input.xml]]
            [[ATTACHMENT|src/test/xslt/tessy-overview-to-junit/withSkipped/input.pdf]]
          </system-out>
</testcase>
</testsuite>
<testsuite name="Testsuite.Dynamics.Arrays" tests="5" failures="0" skipped="5">
<testcase name="Create" tests="3" failures="0" skipped="3">
<skipped/>
<system-out>
            [[ATTACHMENT|src/test/xslt/tessy-overview-to-junit/withSkipped/input.xml]]
            [[ATTACHMENT|src/test/xslt/tessy-overview-to-junit/withSkipped/input.pdf]]
          </system-out>
</testcase>
<testcase name="SetOUTPointerToDynamicIN" tests="2" failures="0" skipped="2">
<skipped/>
<system-out>
            [[ATTACHMENT|src/test/xslt/tessy-overview-to-junit/withSkipped/input.xml]]
            [[ATTACHMENT|src/test/xslt/tessy-overview-to-junit/withSkipped/input.pdf]]
          </system-out>
</testcase>
</testsuite>
<testsuite name="Testsuite.Dynamics.Bros" tests="8" failures="0" skipped="1">
<testcase name="AddBrother" tests="1" failures="0" skipped="1">
<skipped/>
<system-out>
            [[ATTACHMENT|src/test/xslt/tessy-overview-to-junit/withSkipped/input.xml]]
            [[ATTACHMENT|src/test/xslt/tessy-overview-to-junit/withSkipped/input.pdf]]
          </system-out>
</testcase>
<testcase name="GetCount" tests="5" failures="0" skipped="0">
<system-out>
            [[ATTACHMENT|src/test/xslt/tessy-overview-to-junit/withSkipped/input.xml]]
            [[ATTACHMENT|src/test/xslt/tessy-overview-to-junit/withSkipped/input.pdf]]
          </system-out>
</testcase>
<testcase name="InitMieselBros" tests="1" failures="0" skipped="0">
<system-out>
            [[ATTACHMENT|src/test/xslt/tessy-overview-to-junit/withSkipped/input.xml]]
            [[ATTACHMENT|src/test/xslt/tessy-overview-to-junit/withSkipped/input.pdf]]
          </system-out>
</testcase>
<testcase name="use_address" tests="1" failures="0" skipped="0">
<system-out>
            [[ATTACHMENT|src/test/xslt/tessy-overview-to-junit/withSkipped/input.xml]]
            [[ATTACHMENT|src/test/xslt/tessy-overview-to-junit/withSkipped/input.pdf]]
          </system-out>
</testcase>
</testsuite>
<testsuite name="Testsuite.Dynamics.Bros2" tests="3" failures="0" skipped="1">
<testcase name="AddBrother" tests="1" failures="0" skipped="1">
<skipped/>
<system-out>
            [[ATTACHMENT|src/test/xslt/tessy-overview-to-junit/withSkipped/input.xml]]
            [[ATTACHMENT|src/test/xslt/tessy-overview-to-junit/withSkipped/input.pdf]]
          </system-out>
</testcase>
<testcase name="GetCount" tests="1" failures="0" skipped="0">
<system-out>
            [[ATTACHMENT|src/test/xslt/tessy-overview-to-junit/withSkipped/input.xml]]
            [[ATTACHMENT|src/test/xslt/tessy-overview-to-junit/withSkipped/input.pdf]]
          </system-out>
</testcase>
<testcase name="InitMieselBros" tests="1" failures="0" skipped="0">
<system-out>
            [[ATTACHMENT|src/test/xslt/tessy-overview-to-junit/withSkipped/input.xml]]
            [[ATTACHMENT|src/test/xslt/tessy-overview-to-junit/withSkipped/input.pdf]]
          </system-out>
</testcase>
</testsuite>
<testsuite name="Testsuite.Dynamics.engine_ctrl" tests="1" failures="0" skipped="1">
<testcase name="handle_torque_demand" tests="1" failures="0" skipped="1">
<skipped/>
<system-out>
            [[ATTACHMENT|src/test/xslt/tessy-overview-to-junit/withSkipped/input.xml]]
            [[ATTACHMENT|src/test/xslt/tessy-overview-to-junit/withSkipped/input.pdf]]
          </system-out>
</testcase>
</testsuite>
<testsuite name="Testsuite.Dynamics.ListUnit" tests="5" failures="0" skipped="4">
<testcase name="lst_vInit" tests="1" failures="0" skipped="1">
<skipped/>
<system-out>
            [[ATTACHMENT|src/test/xslt/tessy-overview-to-junit/withSkipped/input.xml]]
            [[ATTACHMENT|src/test/xslt/tessy-overview-to-junit/withSkipped/input.pdf]]
          </system-out>
</testcase>
<testcase name="lst_vInsertEnd" tests="1" failures="0" skipped="1">
<skipped/>
<system-out>
            [[ATTACHMENT|src/test/xslt/tessy-overview-to-junit/withSkipped/input.xml]]
            [[ATTACHMENT|src/test/xslt/tessy-overview-to-junit/withSkipped/input.pdf]]
          </system-out>
</testcase>
<testcase name="lst_vInsertTop" tests="1" failures="0" skipped="0">
<system-out>
            [[ATTACHMENT|src/test/xslt/tessy-overview-to-junit/withSkipped/input.xml]]
            [[ATTACHMENT|src/test/xslt/tessy-overview-to-junit/withSkipped/input.pdf]]
          </system-out>
</testcase>
<testcase name="lst_vRemove" tests="2" failures="0" skipped="2">
<skipped/>
<system-out>
            [[ATTACHMENT|src/test/xslt/tessy-overview-to-junit/withSkipped/input.xml]]
            [[ATTACHMENT|src/test/xslt/tessy-overview-to-junit/withSkipped/input.pdf]]
          </system-out>
</testcase>
</testsuite>
<testsuite name="Testsuite.Dynamics.NestedStructs" tests="1" failures="0" skipped="1">
<testcase name="NestedStructs" tests="1" failures="0" skipped="1">
<skipped/>
<system-out>
            [[ATTACHMENT|src/test/xslt/tessy-overview-to-junit/withSkipped/input.xml]]
            [[ATTACHMENT|src/test/xslt/tessy-overview-to-junit/withSkipped/input.pdf]]
          </system-out>
</testcase>
</testsuite>
<testsuite name="Testsuite.Dynamics.pointerpointer" tests="7" failures="0" skipped="1">
<testcase name="array_in" tests="1" failures="0" skipped="0">
<system-out>
            [[ATTACHMENT|src/test/xslt/tessy-overview-to-junit/withSkipped/input.xml]]
            [[ATTACHMENT|src/test/xslt/tessy-overview-to-junit/withSkipped/input.pdf]]
          </system-out>
</testcase>
<testcase name="array_inout" tests="1" failures="0" skipped="0">
<system-out>
            [[ATTACHMENT|src/test/xslt/tessy-overview-to-junit/withSkipped/input.xml]]
            [[ATTACHMENT|src/test/xslt/tessy-overview-to-junit/withSkipped/input.pdf]]
          </system-out>
</testcase>
<testcase name="array_out" tests="1" failures="0" skipped="0">
<system-out>
            [[ATTACHMENT|src/test/xslt/tessy-overview-to-junit/withSkipped/input.xml]]
            [[ATTACHMENT|src/test/xslt/tessy-overview-to-junit/withSkipped/input.pdf]]
          </system-out>
</testcase>
<testcase name="no_array_in" tests="1" failures="0" skipped="0">
<system-out>
            [[ATTACHMENT|src/test/xslt/tessy-overview-to-junit/withSkipped/input.xml]]
            [[ATTACHMENT|src/test/xslt/tessy-overview-to-junit/withSkipped/input.pdf]]
          </system-out>
</testcase>
<testcase name="no_array_inout" tests="1" failures="0" skipped="0">
<system-out>
            [[ATTACHMENT|src/test/xslt/tessy-overview-to-junit/withSkipped/input.xml]]
            [[ATTACHMENT|src/test/xslt/tessy-overview-to-junit/withSkipped/input.pdf]]
          </system-out>
</testcase>
<testcase name="no_array_out" tests="1" failures="0" skipped="0">
<system-out>
            [[ATTACHMENT|src/test/xslt/tessy-overview-to-junit/withSkipped/input.xml]]
            [[ATTACHMENT|src/test/xslt/tessy-overview-to-junit/withSkipped/input.pdf]]
          </system-out>
</testcase>
<testcase name="struct_with_ptr_out" tests="1" failures="0" skipped="1">
<skipped/>
<system-out>
            [[ATTACHMENT|src/test/xslt/tessy-overview-to-junit/withSkipped/input.xml]]
            [[ATTACHMENT|src/test/xslt/tessy-overview-to-junit/withSkipped/input.pdf]]
          </system-out>
</testcase>
</testsuite>
<testsuite name="Testsuite.Dynamics.Pointertest" tests="2" failures="0" skipped="0">
<testcase name="TessyTestobject" tests="2" failures="0" skipped="0">
<system-out>
            [[ATTACHMENT|src/test/xslt/tessy-overview-to-junit/withSkipped/input.xml]]
            [[ATTACHMENT|src/test/xslt/tessy-overview-to-junit/withSkipped/input.pdf]]
          </system-out>
</testcase>
</testsuite>
<testsuite name="Testsuite.Dynamics.Simple" tests="12" failures="0" skipped="10">
<testcase name="Dynamic_IN" tests="2" failures="0" skipped="2">
<skipped/>
<system-out>
            [[ATTACHMENT|src/test/xslt/tessy-overview-to-junit/withSkipped/input.xml]]
            [[ATTACHMENT|src/test/xslt/tessy-overview-to-junit/withSkipped/input.pdf]]
          </system-out>
</testcase>
<testcase name="Dynamic_IN_2" tests="1" failures="0" skipped="1">
<skipped/>
<system-out>
            [[ATTACHMENT|src/test/xslt/tessy-overview-to-junit/withSkipped/input.xml]]
            [[ATTACHMENT|src/test/xslt/tessy-overview-to-junit/withSkipped/input.pdf]]
          </system-out>
</testcase>
<testcase name="DynamicArray" tests="1" failures="0" skipped="1">
<skipped/>
<system-out>
            [[ATTACHMENT|src/test/xslt/tessy-overview-to-junit/withSkipped/input.xml]]
            [[ATTACHMENT|src/test/xslt/tessy-overview-to-junit/withSkipped/input.pdf]]
          </system-out>
</testcase>
<testcase name="DynamicArrayIN_TargetOUT" tests="1" failures="0" skipped="1">
<skipped/>
<system-out>
            [[ATTACHMENT|src/test/xslt/tessy-overview-to-junit/withSkipped/input.xml]]
            [[ATTACHMENT|src/test/xslt/tessy-overview-to-junit/withSkipped/input.pdf]]
          </system-out>
</testcase>
<testcase name="DynamicIN_TargetINOUT" tests="1" failures="0" skipped="1">
<skipped/>
<system-out>
            [[ATTACHMENT|src/test/xslt/tessy-overview-to-junit/withSkipped/input.xml]]
            [[ATTACHMENT|src/test/xslt/tessy-overview-to-junit/withSkipped/input.pdf]]
          </system-out>
</testcase>
<testcase name="DynamicIN_TargetOUT" tests="1" failures="0" skipped="1">
<skipped/>
<system-out>
            [[ATTACHMENT|src/test/xslt/tessy-overview-to-junit/withSkipped/input.xml]]
            [[ATTACHMENT|src/test/xslt/tessy-overview-to-junit/withSkipped/input.pdf]]
          </system-out>
</testcase>
<testcase name="DynamicINOUT" tests="1" failures="0" skipped="1">
<skipped/>
<system-out>
            [[ATTACHMENT|src/test/xslt/tessy-overview-to-junit/withSkipped/input.xml]]
            [[ATTACHMENT|src/test/xslt/tessy-overview-to-junit/withSkipped/input.pdf]]
          </system-out>
</testcase>
<testcase name="DynamicOUT" tests="1" failures="0" skipped="1">
<skipped/>
<system-out>
            [[ATTACHMENT|src/test/xslt/tessy-overview-to-junit/withSkipped/input.xml]]
            [[ATTACHMENT|src/test/xslt/tessy-overview-to-junit/withSkipped/input.pdf]]
          </system-out>
</testcase>
<testcase name="Dynmaic_IN_2int" tests="1" failures="0" skipped="1">
<skipped/>
<system-out>
            [[ATTACHMENT|src/test/xslt/tessy-overview-to-junit/withSkipped/input.xml]]
            [[ATTACHMENT|src/test/xslt/tessy-overview-to-junit/withSkipped/input.pdf]]
          </system-out>
</testcase>
<testcase name="ptr_IN" tests="1" failures="0" skipped="0">
<system-out>
            [[ATTACHMENT|src/test/xslt/tessy-overview-to-junit/withSkipped/input.xml]]
            [[ATTACHMENT|src/test/xslt/tessy-overview-to-junit/withSkipped/input.pdf]]
          </system-out>
</testcase>
<testcase name="ptrptr_OUT" tests="1" failures="0" skipped="0">
<system-out>
            [[ATTACHMENT|src/test/xslt/tessy-overview-to-junit/withSkipped/input.xml]]
            [[ATTACHMENT|src/test/xslt/tessy-overview-to-junit/withSkipped/input.pdf]]
          </system-out>
</testcase>
</testsuite>
<testsuite name="Testsuite.Dynamics.struct_array" tests="3" failures="0" skipped="0">
<testcase name="Testobject_01" tests="2" failures="0" skipped="0">
<system-out>
            [[ATTACHMENT|src/test/xslt/tessy-overview-to-junit/withSkipped/input.xml]]
            [[ATTACHMENT|src/test/xslt/tessy-overview-to-junit/withSkipped/input.pdf]]
          </system-out>
</testcase>
<testcase name="Testobject_02" tests="1" failures="0" skipped="0">
<system-out>
            [[ATTACHMENT|src/test/xslt/tessy-overview-to-junit/withSkipped/input.xml]]
            [[ATTACHMENT|src/test/xslt/tessy-overview-to-junit/withSkipped/input.pdf]]
          </system-out>
</testcase>
</testsuite>
<testsuite name="Testsuite.Dynamics.Structs" tests="13" failures="0" skipped="8">
<testcase name="dynamic_IN" tests="3" failures="0" skipped="3">
<skipped/>
<system-out>
            [[ATTACHMENT|src/test/xslt/tessy-overview-to-junit/withSkipped/input.xml]]
            [[ATTACHMENT|src/test/xslt/tessy-overview-to-junit/withSkipped/input.pdf]]
          </system-out>
</testcase>
<testcase name="dynamic_IN2" tests="3" failures="0" skipped="3">
<skipped/>
<system-out>
            [[ATTACHMENT|src/test/xslt/tessy-overview-to-junit/withSkipped/input.xml]]
            [[ATTACHMENT|src/test/xslt/tessy-overview-to-junit/withSkipped/input.pdf]]
          </system-out>
</testcase>
<testcase name="NotSimple" tests="1" failures="0" skipped="0">
<system-out>
            [[ATTACHMENT|src/test/xslt/tessy-overview-to-junit/withSkipped/input.xml]]
            [[ATTACHMENT|src/test/xslt/tessy-overview-to-junit/withSkipped/input.pdf]]
          </system-out>
</testcase>
<testcase name="Simple1" tests="1" failures="0" skipped="0">
<system-out>
            [[ATTACHMENT|src/test/xslt/tessy-overview-to-junit/withSkipped/input.xml]]
            [[ATTACHMENT|src/test/xslt/tessy-overview-to-junit/withSkipped/input.pdf]]
          </system-out>
</testcase>
<testcase name="Simple2" tests="1" failures="0" skipped="0">
<system-out>
            [[ATTACHMENT|src/test/xslt/tessy-overview-to-junit/withSkipped/input.xml]]
            [[ATTACHMENT|src/test/xslt/tessy-overview-to-junit/withSkipped/input.pdf]]
          </system-out>
</testcase>
<testcase name="two_diff_IN" tests="2" failures="0" skipped="2">
<skipped/>
<system-out>
            [[ATTACHMENT|src/test/xslt/tessy-overview-to-junit/withSkipped/input.xml]]
            [[ATTACHMENT|src/test/xslt/tessy-overview-to-junit/withSkipped/input.pdf]]
          </system-out>
</testcase>
<testcase name="two_diff_OUT" tests="2" failures="0" skipped="0">
<system-out>
            [[ATTACHMENT|src/test/xslt/tessy-overview-to-junit/withSkipped/input.xml]]
            [[ATTACHMENT|src/test/xslt/tessy-overview-to-junit/withSkipped/input.pdf]]
          </system-out>
</testcase>
</testsuite>
<testsuite name="Testsuite.Dynamics.Union" tests="1" failures="0" skipped="0">
<testcase name="setUnion" tests="1" failures="0" skipped="0">
<system-out>
            [[ATTACHMENT|src/test/xslt/tessy-overview-to-junit/withSkipped/input.xml]]
            [[ATTACHMENT|src/test/xslt/tessy-overview-to-junit/withSkipped/input.pdf]]
          </system-out>
</testcase>
</testsuite>
<testsuite name="Testsuite.Dynamics.UnionArray" tests="1" failures="0" skipped="1">
<testcase name="SetUnionArray" tests="1" failures="0" skipped="1">
<skipped/>
<system-out>
            [[ATTACHMENT|src/test/xslt/tessy-overview-to-junit/withSkipped/input.xml]]
            [[ATTACHMENT|src/test/xslt/tessy-overview-to-junit/withSkipped/input.pdf]]
          </system-out>
</testcase>
</testsuite>
<testsuite name="Testsuite.FuncPtr.array" tests="7" failures="0" skipped="0">
<testcase name="Call" tests="3" failures="0" skipped="0">
<system-out>
            [[ATTACHMENT|src/test/xslt/tessy-overview-to-junit/withSkipped/input.xml]]
            [[ATTACHMENT|src/test/xslt/tessy-overview-to-junit/withSkipped/input.pdf]]
          </system-out>
</testcase>
<testcase name="Init" tests="1" failures="0" skipped="0">
<system-out>
            [[ATTACHMENT|src/test/xslt/tessy-overview-to-junit/withSkipped/input.xml]]
            [[ATTACHMENT|src/test/xslt/tessy-overview-to-junit/withSkipped/input.pdf]]
          </system-out>
</testcase>
<testcase name="Target_1" tests="1" failures="0" skipped="0">
<system-out>
            [[ATTACHMENT|src/test/xslt/tessy-overview-to-junit/withSkipped/input.xml]]
            [[ATTACHMENT|src/test/xslt/tessy-overview-to-junit/withSkipped/input.pdf]]
          </system-out>
</testcase>
<testcase name="Target_2" tests="1" failures="0" skipped="0">
<system-out>
            [[ATTACHMENT|src/test/xslt/tessy-overview-to-junit/withSkipped/input.xml]]
            [[ATTACHMENT|src/test/xslt/tessy-overview-to-junit/withSkipped/input.pdf]]
          </system-out>
</testcase>
<testcase name="Target_3" tests="1" failures="0" skipped="0">
<system-out>
            [[ATTACHMENT|src/test/xslt/tessy-overview-to-junit/withSkipped/input.xml]]
            [[ATTACHMENT|src/test/xslt/tessy-overview-to-junit/withSkipped/input.pdf]]
          </system-out>
</testcase>
</testsuite>
<testsuite name="Testsuite.FuncPtr.complex" tests="12" failures="0" skipped="0">
<testcase name="Assign" tests="3" failures="0" skipped="0">
<system-out>
            [[ATTACHMENT|src/test/xslt/tessy-overview-to-junit/withSkipped/input.xml]]
            [[ATTACHMENT|src/test/xslt/tessy-overview-to-junit/withSkipped/input.pdf]]
          </system-out>
</testcase>
<testcase name="AssignPara" tests="1" failures="0" skipped="0">
<system-out>
            [[ATTACHMENT|src/test/xslt/tessy-overview-to-junit/withSkipped/input.xml]]
            [[ATTACHMENT|src/test/xslt/tessy-overview-to-junit/withSkipped/input.pdf]]
          </system-out>
</testcase>
<testcase name="CallPara" tests="2" failures="0" skipped="0">
<system-out>
            [[ATTACHMENT|src/test/xslt/tessy-overview-to-junit/withSkipped/input.xml]]
            [[ATTACHMENT|src/test/xslt/tessy-overview-to-junit/withSkipped/input.pdf]]
          </system-out>
</testcase>
<testcase name="GetFunc" tests="4" failures="0" skipped="0">
<system-out>
            [[ATTACHMENT|src/test/xslt/tessy-overview-to-junit/withSkipped/input.xml]]
            [[ATTACHMENT|src/test/xslt/tessy-overview-to-junit/withSkipped/input.pdf]]
          </system-out>
</testcase>
<testcase name="Target_1" tests="1" failures="0" skipped="0">
<system-out>
            [[ATTACHMENT|src/test/xslt/tessy-overview-to-junit/withSkipped/input.xml]]
            [[ATTACHMENT|src/test/xslt/tessy-overview-to-junit/withSkipped/input.pdf]]
          </system-out>
</testcase>
<testcase name="Target_2" tests="1" failures="0" skipped="0">
<system-out>
            [[ATTACHMENT|src/test/xslt/tessy-overview-to-junit/withSkipped/input.xml]]
            [[ATTACHMENT|src/test/xslt/tessy-overview-to-junit/withSkipped/input.pdf]]
          </system-out>
</testcase>
</testsuite>
<testsuite name="Testsuite.FuncPtr.extern" tests="7" failures="0" skipped="0">
<testcase name="Assign" tests="3" failures="0" skipped="0">
<system-out>
            [[ATTACHMENT|src/test/xslt/tessy-overview-to-junit/withSkipped/input.xml]]
            [[ATTACHMENT|src/test/xslt/tessy-overview-to-junit/withSkipped/input.pdf]]
          </system-out>
</testcase>
<testcase name="AssignPara" tests="1" failures="0" skipped="0">
<system-out>
            [[ATTACHMENT|src/test/xslt/tessy-overview-to-junit/withSkipped/input.xml]]
            [[ATTACHMENT|src/test/xslt/tessy-overview-to-junit/withSkipped/input.pdf]]
          </system-out>
</testcase>
<testcase name="CallFunction" tests="2" failures="0" skipped="0">
<system-out>
            [[ATTACHMENT|src/test/xslt/tessy-overview-to-junit/withSkipped/input.xml]]
            [[ATTACHMENT|src/test/xslt/tessy-overview-to-junit/withSkipped/input.pdf]]
          </system-out>
</testcase>
<testcase name="GetFunc" tests="1" failures="0" skipped="0">
<system-out>
            [[ATTACHMENT|src/test/xslt/tessy-overview-to-junit/withSkipped/input.xml]]
            [[ATTACHMENT|src/test/xslt/tessy-overview-to-junit/withSkipped/input.pdf]]
          </system-out>
</testcase>
</testsuite>
<testsuite name="Testsuite.FuncPtr.fptr in stub" tests="11" failures="0" skipped="0">
<testcase name="call_param" tests="1" failures="0" skipped="0">
<system-out>
            [[ATTACHMENT|src/test/xslt/tessy-overview-to-junit/withSkipped/input.xml]]
            [[ATTACHMENT|src/test/xslt/tessy-overview-to-junit/withSkipped/input.pdf]]
          </system-out>
</testcase>
<testcase name="f1" tests="1" failures="0" skipped="0">
<system-out>
            [[ATTACHMENT|src/test/xslt/tessy-overview-to-junit/withSkipped/input.xml]]
            [[ATTACHMENT|src/test/xslt/tessy-overview-to-junit/withSkipped/input.pdf]]
          </system-out>
</testcase>
<testcase name="f2" tests="1" failures="0" skipped="0">
<system-out>
            [[ATTACHMENT|src/test/xslt/tessy-overview-to-junit/withSkipped/input.xml]]
            [[ATTACHMENT|src/test/xslt/tessy-overview-to-junit/withSkipped/input.pdf]]
          </system-out>
</testcase>
<testcase name="ks1" tests="1" failures="0" skipped="0">
<system-out>
            [[ATTACHMENT|src/test/xslt/tessy-overview-to-junit/withSkipped/input.xml]]
            [[ATTACHMENT|src/test/xslt/tessy-overview-to-junit/withSkipped/input.pdf]]
          </system-out>
</testcase>
<testcase name="ks2" tests="1" failures="0" skipped="0">
<system-out>
            [[ATTACHMENT|src/test/xslt/tessy-overview-to-junit/withSkipped/input.xml]]
            [[ATTACHMENT|src/test/xslt/tessy-overview-to-junit/withSkipped/input.pdf]]
          </system-out>
</testcase>
<testcase name="ku1" tests="1" failures="0" skipped="0">
<system-out>
            [[ATTACHMENT|src/test/xslt/tessy-overview-to-junit/withSkipped/input.xml]]
            [[ATTACHMENT|src/test/xslt/tessy-overview-to-junit/withSkipped/input.pdf]]
          </system-out>
</testcase>
<testcase name="ku2" tests="1" failures="0" skipped="0">
<system-out>
            [[ATTACHMENT|src/test/xslt/tessy-overview-to-junit/withSkipped/input.xml]]
            [[ATTACHMENT|src/test/xslt/tessy-overview-to-junit/withSkipped/input.pdf]]
          </system-out>
</testcase>
<testcase name="testobject_extern" tests="1" failures="0" skipped="0">
<system-out>
            [[ATTACHMENT|src/test/xslt/tessy-overview-to-junit/withSkipped/input.xml]]
            [[ATTACHMENT|src/test/xslt/tessy-overview-to-junit/withSkipped/input.pdf]]
          </system-out>
</testcase>
<testcase name="testobject_known_stubbed" tests="1" failures="0" skipped="0">
<system-out>
            [[ATTACHMENT|src/test/xslt/tessy-overview-to-junit/withSkipped/input.xml]]
            [[ATTACHMENT|src/test/xslt/tessy-overview-to-junit/withSkipped/input.pdf]]
          </system-out>
</testcase>
<testcase name="testobject_known_unstubbed" tests="1" failures="0" skipped="0">
<system-out>
            [[ATTACHMENT|src/test/xslt/tessy-overview-to-junit/withSkipped/input.xml]]
            [[ATTACHMENT|src/test/xslt/tessy-overview-to-junit/withSkipped/input.pdf]]
          </system-out>
</testcase>
<testcase name="testobject_static" tests="1" failures="0" skipped="0">
<system-out>
            [[ATTACHMENT|src/test/xslt/tessy-overview-to-junit/withSkipped/input.xml]]
            [[ATTACHMENT|src/test/xslt/tessy-overview-to-junit/withSkipped/input.pdf]]
          </system-out>
</testcase>
</testsuite>
<testsuite name="Testsuite.FuncPtr.krass" tests="4" failures="0" skipped="0">
<testcase name="GetFunc" tests="1" failures="0" skipped="0">
<system-out>
            [[ATTACHMENT|src/test/xslt/tessy-overview-to-junit/withSkipped/input.xml]]
            [[ATTACHMENT|src/test/xslt/tessy-overview-to-junit/withSkipped/input.pdf]]
          </system-out>
</testcase>
<testcase name="SetFunc" tests="1" failures="0" skipped="0">
<system-out>
            [[ATTACHMENT|src/test/xslt/tessy-overview-to-junit/withSkipped/input.xml]]
            [[ATTACHMENT|src/test/xslt/tessy-overview-to-junit/withSkipped/input.pdf]]
          </system-out>
</testcase>
<testcase name="Target_1" tests="1" failures="0" skipped="0">
<system-out>
            [[ATTACHMENT|src/test/xslt/tessy-overview-to-junit/withSkipped/input.xml]]
            [[ATTACHMENT|src/test/xslt/tessy-overview-to-junit/withSkipped/input.pdf]]
          </system-out>
</testcase>
<testcase name="Target_2" tests="1" failures="0" skipped="0">
<system-out>
            [[ATTACHMENT|src/test/xslt/tessy-overview-to-junit/withSkipped/input.xml]]
            [[ATTACHMENT|src/test/xslt/tessy-overview-to-junit/withSkipped/input.pdf]]
          </system-out>
</testcase>
</testsuite>
<testsuite name="Testsuite.FuncPtr.simple" tests="2" failures="0" skipped="0">
<testcase name="Init" tests="1" failures="0" skipped="0">
<system-out>
            [[ATTACHMENT|src/test/xslt/tessy-overview-to-junit/withSkipped/input.xml]]
            [[ATTACHMENT|src/test/xslt/tessy-overview-to-junit/withSkipped/input.pdf]]
          </system-out>
</testcase>
<testcase name="Target" tests="1" failures="0" skipped="0">
<system-out>
            [[ATTACHMENT|src/test/xslt/tessy-overview-to-junit/withSkipped/input.xml]]
            [[ATTACHMENT|src/test/xslt/tessy-overview-to-junit/withSkipped/input.pdf]]
          </system-out>
</testcase>
</testsuite>
<testsuite name="Testsuite.IDBMake.Module" tests="5" failures="0" skipped="0">
<testcase name="one" tests="3" failures="0" skipped="0">
<system-out>
            [[ATTACHMENT|src/test/xslt/tessy-overview-to-junit/withSkipped/input.xml]]
            [[ATTACHMENT|src/test/xslt/tessy-overview-to-junit/withSkipped/input.pdf]]
          </system-out>
</testcase>
<testcase name="three" tests="1" failures="0" skipped="0">
<system-out>
            [[ATTACHMENT|src/test/xslt/tessy-overview-to-junit/withSkipped/input.xml]]
            [[ATTACHMENT|src/test/xslt/tessy-overview-to-junit/withSkipped/input.pdf]]
          </system-out>
</testcase>
<testcase name="two" tests="1" failures="0" skipped="0">
<system-out>
            [[ATTACHMENT|src/test/xslt/tessy-overview-to-junit/withSkipped/input.xml]]
            [[ATTACHMENT|src/test/xslt/tessy-overview-to-junit/withSkipped/input.pdf]]
          </system-out>
</testcase>
</testsuite>
<testsuite name="Testsuite.Import.Import All Types from V2.9 and V3.0 XLS" tests="28" failures="0" skipped="0">
<testcase name="import_dynamics" tests="2" failures="0" skipped="0">
<system-out>
            [[ATTACHMENT|src/test/xslt/tessy-overview-to-junit/withSkipped/input.xml]]
            [[ATTACHMENT|src/test/xslt/tessy-overview-to-junit/withSkipped/input.pdf]]
          </system-out>
</testcase>
<testcase name="import_dynamics_into_CTE_TCs" tests="2" failures="0" skipped="0">
<system-out>
            [[ATTACHMENT|src/test/xslt/tessy-overview-to-junit/withSkipped/input.xml]]
            [[ATTACHMENT|src/test/xslt/tessy-overview-to-junit/withSkipped/input.pdf]]
          </system-out>
</testcase>
<testcase name="import_empty_interface_and_calltrace" tests="2" failures="0" skipped="0">
<system-out>
            [[ATTACHMENT|src/test/xslt/tessy-overview-to-junit/withSkipped/input.xml]]
            [[ATTACHMENT|src/test/xslt/tessy-overview-to-junit/withSkipped/input.pdf]]
          </system-out>
</testcase>
<testcase name="import_empty_xls" tests="2" failures="0" skipped="0">
<system-out>
            [[ATTACHMENT|src/test/xslt/tessy-overview-to-junit/withSkipped/input.xml]]
            [[ATTACHMENT|src/test/xslt/tessy-overview-to-junit/withSkipped/input.pdf]]
          </system-out>
</testcase>
<testcase name="import_manually_created" tests="3" failures="0" skipped="0">
<system-out>
            [[ATTACHMENT|src/test/xslt/tessy-overview-to-junit/withSkipped/input.xml]]
            [[ATTACHMENT|src/test/xslt/tessy-overview-to-junit/withSkipped/input.pdf]]
          </system-out>
</testcase>
<testcase name="import_manually_created_with_empty_lines" tests="3" failures="0" skipped="0">
<system-out>
            [[ATTACHMENT|src/test/xslt/tessy-overview-to-junit/withSkipped/input.xml]]
            [[ATTACHMENT|src/test/xslt/tessy-overview-to-junit/withSkipped/input.pdf]]
          </system-out>
</testcase>
<testcase name="import_prolog_epilog_only" tests="2" failures="0" skipped="0">
<system-out>
            [[ATTACHMENT|src/test/xslt/tessy-overview-to-junit/withSkipped/input.xml]]
            [[ATTACHMENT|src/test/xslt/tessy-overview-to-junit/withSkipped/input.pdf]]
          </system-out>
</testcase>
<testcase name="import_stubs" tests="2" failures="0" skipped="0">
<system-out>
            [[ATTACHMENT|src/test/xslt/tessy-overview-to-junit/withSkipped/input.xml]]
            [[ATTACHMENT|src/test/xslt/tessy-overview-to-junit/withSkipped/input.pdf]]
          </system-out>
</testcase>
<testcase name="import_v29" tests="2" failures="0" skipped="0">
<system-out>
            [[ATTACHMENT|src/test/xslt/tessy-overview-to-junit/withSkipped/input.xml]]
            [[ATTACHMENT|src/test/xslt/tessy-overview-to-junit/withSkipped/input.pdf]]
          </system-out>
</testcase>
<testcase name="import_v30" tests="6" failures="0" skipped="0">
<system-out>
            [[ATTACHMENT|src/test/xslt/tessy-overview-to-junit/withSkipped/input.xml]]
            [[ATTACHMENT|src/test/xslt/tessy-overview-to-junit/withSkipped/input.pdf]]
          </system-out>
</testcase>
<testcase name="import_xls_with_unknown_vars" tests="2" failures="0" skipped="0">
<system-out>
            [[ATTACHMENT|src/test/xslt/tessy-overview-to-junit/withSkipped/input.xml]]
            [[ATTACHMENT|src/test/xslt/tessy-overview-to-junit/withSkipped/input.pdf]]
          </system-out>
</testcase>
</testsuite>
<testsuite name="Testsuite.Import.Import Synthetic Variables" tests="4" failures="0" skipped="0">
<testcase name="synthetic" tests="4" failures="0" skipped="0">
<system-out>
            [[ATTACHMENT|src/test/xslt/tessy-overview-to-junit/withSkipped/input.xml]]
            [[ATTACHMENT|src/test/xslt/tessy-overview-to-junit/withSkipped/input.pdf]]
          </system-out>
</testcase>
</testsuite>
<testsuite name="Testsuite.Import2.Import Advanced Stubs with Structures" tests="1" failures="0" skipped="1">
<testcase name="import_advanced_stubs_with_structures" tests="1" failures="0" skipped="1">
<skipped/>
<system-out>
            [[ATTACHMENT|src/test/xslt/tessy-overview-to-junit/withSkipped/input.xml]]
            [[ATTACHMENT|src/test/xslt/tessy-overview-to-junit/withSkipped/input.pdf]]
          </system-out>
</testcase>
</testsuite>
[...]
<testsuite name="Variants.Variants.Testdata.006_Dynamic (p) 2" tests="1" failures="0" skipped="1">
<testcase name="Testobject_2" tests="1" failures="0" skipped="1">
<skipped/>
<system-out>
            [[ATTACHMENT|src/test/xslt/tessy-overview-to-junit/withSkipped/input.xml]]
            [[ATTACHMENT|src/test/xslt/tessy-overview-to-junit/withSkipped/input.pdf]]
          </system-out>
</testcase>
</testsuite>
<testsuite name="Variants.Variants.Testdata.007_Array (p)[]" tests="1" failures="0" skipped="0">
<testcase name="Testobject_1" tests="1" failures="0" skipped="0">
<system-out>
            [[ATTACHMENT|src/test/xslt/tessy-overview-to-junit/withSkipped/input.xml]]
            [[ATTACHMENT|src/test/xslt/tessy-overview-to-junit/withSkipped/input.pdf]]
          </system-out>
</testcase>
</testsuite>
<testsuite name="Variants.Variants.Testdata.007_Array (p)[] 2" tests="1" failures="0" skipped="0">
<testcase name="Testobject_1" tests="1" failures="0" skipped="0">
<system-out>
            [[ATTACHMENT|src/test/xslt/tessy-overview-to-junit/withSkipped/input.xml]]
            [[ATTACHMENT|src/test/xslt/tessy-overview-to-junit/withSkipped/input.pdf]]
          </system-out>
</testcase>
</testsuite>
<testsuite name="Variants.Variants.Testdata.007_Array (p)[] 2 2" tests="1" failures="0" skipped="0">
<testcase name="Testobject_1" tests="1" failures="0" skipped="0">
<system-out>
            [[ATTACHMENT|src/test/xslt/tessy-overview-to-junit/withSkipped/input.xml]]
            [[ATTACHMENT|src/test/xslt/tessy-overview-to-junit/withSkipped/input.pdf]]
          </system-out>
</testcase>
</testsuite>
<testsuite name="Variants.Variants.Testdata.008_Array[][][]" tests="1" failures="0" skipped="0">
<testcase name="Testobject_05" tests="1" failures="0" skipped="0">
<system-out>
            [[ATTACHMENT|src/test/xslt/tessy-overview-to-junit/withSkipped/input.xml]]
            [[ATTACHMENT|src/test/xslt/tessy-overview-to-junit/withSkipped/input.pdf]]
          </system-out>
</testcase>
</testsuite>
<testsuite name="Variants.Variants.Testdata.008_Array[][][] 2" tests="1" failures="0" skipped="0">
<testcase name="Testobject_05" tests="1" failures="0" skipped="0">
<system-out>
            [[ATTACHMENT|src/test/xslt/tessy-overview-to-junit/withSkipped/input.xml]]
            [[ATTACHMENT|src/test/xslt/tessy-overview-to-junit/withSkipped/input.pdf]]
          </system-out>
</testcase>
</testsuite>
<testsuite name="Variants.Variants.Testdata.008_Array[][][] 2 2" tests="1" failures="0" skipped="0">
<testcase name="Testobject_05" tests="1" failures="0" skipped="0">
<system-out>
            [[ATTACHMENT|src/test/xslt/tessy-overview-to-junit/withSkipped/input.xml]]
            [[ATTACHMENT|src/test/xslt/tessy-overview-to-junit/withSkipped/input.pdf]]
          </system-out>
</testcase>
</testsuite>
<testsuite name="Variants.Variants.Testdata.009_PointerIntoArray[][][]" tests="3" failures="0" skipped="0">
<testcase name="Testobject_06" tests="3" failures="0" skipped="0">
<system-out>
            [[ATTACHMENT|src/test/xslt/tessy-overview-to-junit/withSkipped/input.xml]]
            [[ATTACHMENT|src/test/xslt/tessy-overview-to-junit/withSkipped/input.pdf]]
          </system-out>
</testcase>
</testsuite>
<testsuite name="Variants.Variants.Testdata.009_PointerIntoArray[][][] 2" tests="3" failures="0" skipped="0">
<testcase name="Testobject_06" tests="3" failures="0" skipped="0">
<system-out>
            [[ATTACHMENT|src/test/xslt/tessy-overview-to-junit/withSkipped/input.xml]]
            [[ATTACHMENT|src/test/xslt/tessy-overview-to-junit/withSkipped/input.pdf]]
          </system-out>
</testcase>
</testsuite>
<testsuite name="Variants.Variants.Testdata.009_PointerIntoArray[][][] 2 2" tests="3" failures="0" skipped="0">
<testcase name="Testobject_06" tests="3" failures="0" skipped="0">
<system-out>
            [[ATTACHMENT|src/test/xslt/tessy-overview-to-junit/withSkipped/input.xml]]
            [[ATTACHMENT|src/test/xslt/tessy-overview-to-junit/withSkipped/input.pdf]]
          </system-out>
</testcase>
</testsuite>
<testsuite name="Variants.Variants.Testdata.010_Inherited_Array" tests="1" failures="0" skipped="0">
<testcase name="Testobject_01" tests="1" failures="0" skipped="0">
<system-out>
            [[ATTACHMENT|src/test/xslt/tessy-overview-to-junit/withSkipped/input.xml]]
            [[ATTACHMENT|src/test/xslt/tessy-overview-to-junit/withSkipped/input.pdf]]
          </system-out>
</testcase>
</testsuite>
<testsuite name="Variants.Variants.Testdata.010_Inherited_Array 2" tests="1" failures="0" skipped="0">
<testcase name="Testobject_01" tests="1" failures="0" skipped="0">
<system-out>
            [[ATTACHMENT|src/test/xslt/tessy-overview-to-junit/withSkipped/input.xml]]
            [[ATTACHMENT|src/test/xslt/tessy-overview-to-junit/withSkipped/input.pdf]]
          </system-out>
</testcase>
</testsuite>
<testsuite name="Variants.Variants.Testdata.010_Inherited_Array 2 2" tests="1" failures="0" skipped="0">
<testcase name="Testobject_01" tests="1" failures="0" skipped="0">
<system-out>
            [[ATTACHMENT|src/test/xslt/tessy-overview-to-junit/withSkipped/input.xml]]
            [[ATTACHMENT|src/test/xslt/tessy-overview-to-junit/withSkipped/input.pdf]]
          </system-out>
</testcase>
</testsuite>
<testsuite name="Testsuite.Vectors as Test Data.Sample from Apple" tests="13" failures="0" skipped="13">
<testcase name="IICM__tx" tests="6" failures="0" skipped="6">
<skipped/>
<system-out>
            [[ATTACHMENT|src/test/xslt/tessy-overview-to-junit/withSkipped/input.xml]]
            [[ATTACHMENT|src/test/xslt/tessy-overview-to-junit/withSkipped/input.pdf]]
          </system-out>
</testcase>
<testcase name="IICM__tx_rx" tests="7" failures="0" skipped="7">
<skipped/>
<system-out>
            [[ATTACHMENT|src/test/xslt/tessy-overview-to-junit/withSkipped/input.xml]]
            [[ATTACHMENT|src/test/xslt/tessy-overview-to-junit/withSkipped/input.pdf]]
          </system-out>
</testcase>
</testsuite>
<testsuite name="Testsuite.vieleQuelldateien.Anz_Quelldat" tests="21" failures="0" skipped="0">
<testcase name="func1" tests="1" failures="0" skipped="0">
<system-out>
            [[ATTACHMENT|src/test/xslt/tessy-overview-to-junit/withSkipped/input.xml]]
            [[ATTACHMENT|src/test/xslt/tessy-overview-to-junit/withSkipped/input.pdf]]
          </system-out>
</testcase>
<testcase name="func10" tests="1" failures="0" skipped="0">
<system-out>
            [[ATTACHMENT|src/test/xslt/tessy-overview-to-junit/withSkipped/input.xml]]
            [[ATTACHMENT|src/test/xslt/tessy-overview-to-junit/withSkipped/input.pdf]]
          </system-out>
</testcase>
<testcase name="func11" tests="1" failures="0" skipped="0">
<system-out>
            [[ATTACHMENT|src/test/xslt/tessy-overview-to-junit/withSkipped/input.xml]]
            [[ATTACHMENT|src/test/xslt/tessy-overview-to-junit/withSkipped/input.pdf]]
          </system-out>
</testcase>
<testcase name="func12" tests="1" failures="0" skipped="0">
<system-out>
            [[ATTACHMENT|src/test/xslt/tessy-overview-to-junit/withSkipped/input.xml]]
            [[ATTACHMENT|src/test/xslt/tessy-overview-to-junit/withSkipped/input.pdf]]
          </system-out>
</testcase>
<testcase name="func13" tests="1" failures="0" skipped="0">
<system-out>
            [[ATTACHMENT|src/test/xslt/tessy-overview-to-junit/withSkipped/input.xml]]
            [[ATTACHMENT|src/test/xslt/tessy-overview-to-junit/withSkipped/input.pdf]]
          </system-out>
</testcase>
<testcase name="func14" tests="1" failures="0" skipped="0">
<system-out>
            [[ATTACHMENT|src/test/xslt/tessy-overview-to-junit/withSkipped/input.xml]]
            [[ATTACHMENT|src/test/xslt/tessy-overview-to-junit/withSkipped/input.pdf]]
          </system-out>
</testcase>
<testcase name="func15" tests="1" failures="0" skipped="0">
<system-out>
            [[ATTACHMENT|src/test/xslt/tessy-overview-to-junit/withSkipped/input.xml]]
            [[ATTACHMENT|src/test/xslt/tessy-overview-to-junit/withSkipped/input.pdf]]
          </system-out>
</testcase>
<testcase name="func16" tests="1" failures="0" skipped="0">
<system-out>
            [[ATTACHMENT|src/test/xslt/tessy-overview-to-junit/withSkipped/input.xml]]
            [[ATTACHMENT|src/test/xslt/tessy-overview-to-junit/withSkipped/input.pdf]]
          </system-out>
</testcase>
<testcase name="func17" tests="1" failures="0" skipped="0">
<system-out>
            [[ATTACHMENT|src/test/xslt/tessy-overview-to-junit/withSkipped/input.xml]]
            [[ATTACHMENT|src/test/xslt/tessy-overview-to-junit/withSkipped/input.pdf]]
          </system-out>
</testcase>
<testcase name="func18" tests="1" failures="0" skipped="0">
<system-out>
            [[ATTACHMENT|src/test/xslt/tessy-overview-to-junit/withSkipped/input.xml]]
            [[ATTACHMENT|src/test/xslt/tessy-overview-to-junit/withSkipped/input.pdf]]
          </system-out>
</testcase>
<testcase name="func19" tests="1" failures="0" skipped="0">
<system-out>
            [[ATTACHMENT|src/test/xslt/tessy-overview-to-junit/withSkipped/input.xml]]
            [[ATTACHMENT|src/test/xslt/tessy-overview-to-junit/withSkipped/input.pdf]]
          </system-out>
</testcase>
<testcase name="func2" tests="1" failures="0" skipped="0">
<system-out>
            [[ATTACHMENT|src/test/xslt/tessy-overview-to-junit/withSkipped/input.xml]]
            [[ATTACHMENT|src/test/xslt/tessy-overview-to-junit/withSkipped/input.pdf]]
          </system-out>
</testcase>
<testcase name="func20" tests="1" failures="0" skipped="0">
<system-out>
            [[ATTACHMENT|src/test/xslt/tessy-overview-to-junit/withSkipped/input.xml]]
            [[ATTACHMENT|src/test/xslt/tessy-overview-to-junit/withSkipped/input.pdf]]
          </system-out>
</testcase>
<testcase name="func3" tests="1" failures="0" skipped="0">
<system-out>
            [[ATTACHMENT|src/test/xslt/tessy-overview-to-junit/withSkipped/input.xml]]
            [[ATTACHMENT|src/test/xslt/tessy-overview-to-junit/withSkipped/input.pdf]]
          </system-out>
</testcase>
<testcase name="func4" tests="1" failures="0" skipped="0">
<system-out>
            [[ATTACHMENT|src/test/xslt/tessy-overview-to-junit/withSkipped/input.xml]]
            [[ATTACHMENT|src/test/xslt/tessy-overview-to-junit/withSkipped/input.pdf]]
          </system-out>
</testcase>
<testcase name="func5" tests="1" failures="0" skipped="0">
<system-out>
            [[ATTACHMENT|src/test/xslt/tessy-overview-to-junit/withSkipped/input.xml]]
            [[ATTACHMENT|src/test/xslt/tessy-overview-to-junit/withSkipped/input.pdf]]
          </system-out>
</testcase>
<testcase name="func6" tests="1" failures="0" skipped="0">
<system-out>
            [[ATTACHMENT|src/test/xslt/tessy-overview-to-junit/withSkipped/input.xml]]
            [[ATTACHMENT|src/test/xslt/tessy-overview-to-junit/withSkipped/input.pdf]]
          </system-out>
</testcase>
<testcase name="func7" tests="1" failures="0" skipped="0">
<system-out>
            [[ATTACHMENT|src/test/xslt/tessy-overview-to-junit/withSkipped/input.xml]]
            [[ATTACHMENT|src/test/xslt/tessy-overview-to-junit/withSkipped/input.pdf]]
          </system-out>
</testcase>
<testcase name="func8" tests="1" failures="0" skipped="0">
<system-out>
            [[ATTACHMENT|src/test/xslt/tessy-overview-to-junit/withSkipped/input.xml]]
            [[ATTACHMENT|src/test/xslt/tessy-overview-to-junit/withSkipped/input.pdf]]
          </system-out>
</testcase>
<testcase name="func9" tests="1" failures="0" skipped="0">
<system-out>
            [[ATTACHMENT|src/test/xslt/tessy-overview-to-junit/withSkipped/input.xml]]
            [[ATTACHMENT|src/test/xslt/tessy-overview-to-junit/withSkipped/input.pdf]]
          </system-out>
</testcase>
<testcase name="hauptfunc" tests="1" failures="0" skipped="0">
<system-out>
            [[ATTACHMENT|src/test/xslt/tessy-overview-to-junit/withSkipped/input.xml]]
            [[ATTACHMENT|src/test/xslt/tessy-overview-to-junit/withSkipped/input.pdf]]
          </system-out>
</testcase>
</testsuite>
<testsuite name="Tickets.IDA.2014111310000133" tests="2" failures="0" skipped="0">
<testcase name="testobject" tests="2" failures="0" skipped="0">
<system-out>
            [[ATTACHMENT|src/test/xslt/tessy-overview-to-junit/withSkipped/input.xml]]
            [[ATTACHMENT|src/test/xslt/tessy-overview-to-junit/withSkipped/input.pdf]]
          </system-out>
</testcase>
</testsuite>
<testsuite name="Instrumenter.Instrumenter.C0.2014050210000068" tests="4" failures="0" skipped="0">
<testcase name="testobject" tests="4" failures="0" skipped="0">
<system-out>
            [[ATTACHMENT|src/test/xslt/tessy-overview-to-junit/withSkipped/input.xml]]
            [[ATTACHMENT|src/test/xslt/tessy-overview-to-junit/withSkipped/input.pdf]]
          </system-out>
</testcase>
</testsuite>
<testsuite name="Instrumenter.Instrumenter.C0.2014121610000064" tests="2" failures="0" skipped="0">
<testcase name="testobject" tests="2" failures="0" skipped="0">
<system-out>
            [[ATTACHMENT|src/test/xslt/tessy-overview-to-junit/withSkipped/input.xml]]
            [[ATTACHMENT|src/test/xslt/tessy-overview-to-junit/withSkipped/input.pdf]]
          </system-out>
</testcase>
</testsuite>
<testsuite name="Instrumenter.Instrumenter.C0/C1/C2.2014043010000249" tests="5" failures="0" skipped="0">
<testcase name="testobject" tests="5" failures="0" skipped="0">
<system-out>
            [[ATTACHMENT|src/test/xslt/tessy-overview-to-junit/withSkipped/input.xml]]
            [[ATTACHMENT|src/test/xslt/tessy-overview-to-junit/withSkipped/input.pdf]]
          </system-out>
</testcase>
</testsuite>
<testsuite name="Tickets.Other.2014090310000175" tests="1" failures="0" skipped="0">
<testcase name="Scenarios" tests="1" failures="0" skipped="0">
<system-out>
            [[ATTACHMENT|src/test/xslt/tessy-overview-to-junit/withSkipped/input.xml]]
            [[ATTACHMENT|src/test/xslt/tessy-overview-to-junit/withSkipped/input.pdf]]
          </system-out>
</testcase>
</testsuite>
<testsuite name="Tickets.Other.2014111310000099" tests="2" failures="0" skipped="0">
<testcase name="init" tests="1" failures="0" skipped="0">
<system-out>
            [[ATTACHMENT|src/test/xslt/tessy-overview-to-junit/withSkipped/input.xml]]
            [[ATTACHMENT|src/test/xslt/tessy-overview-to-junit/withSkipped/input.pdf]]
          </system-out>
</testcase>
<testcase name="init_other" tests="1" failures="0" skipped="0">
<system-out>
            [[ATTACHMENT|src/test/xslt/tessy-overview-to-junit/withSkipped/input.xml]]
            [[ATTACHMENT|src/test/xslt/tessy-overview-to-junit/withSkipped/input.pdf]]
          </system-out>
</testcase>
</testsuite>
<testsuite name="Tickets.Parser.2014042810000191" tests="1" failures="0" skipped="0">
<testcase name="testobject" tests="1" failures="0" skipped="0">
<system-out>
            [[ATTACHMENT|src/test/xslt/tessy-overview-to-junit/withSkipped/input.xml]]
            [[ATTACHMENT|src/test/xslt/tessy-overview-to-junit/withSkipped/input.pdf]]
          </system-out>
</testcase>
</testsuite>
<testsuite name="Tickets.Parser.2014090110000044" tests="2" failures="0" skipped="0">
<testcase name="CntctrActrProcGetHighWord" tests="2" failures="0" skipped="0">
<system-out>
            [[ATTACHMENT|src/test/xslt/tessy-overview-to-junit/withSkipped/input.xml]]
            [[ATTACHMENT|src/test/xslt/tessy-overview-to-junit/withSkipped/input.pdf]]
          </system-out>
</testcase>
</testsuite>
<testsuite name="Tickets.Parser.2014112110000109" tests="11" failures="0" skipped="1">
<testcase name="testobject_00" tests="1" failures="0" skipped="1">
<skipped/>
<system-out>
            [[ATTACHMENT|src/test/xslt/tessy-overview-to-junit/withSkipped/input.xml]]
            [[ATTACHMENT|src/test/xslt/tessy-overview-to-junit/withSkipped/input.pdf]]
          </system-out>
</testcase>
<testcase name="testobject_01" tests="1" failures="0" skipped="0">
<system-out>
            [[ATTACHMENT|src/test/xslt/tessy-overview-to-junit/withSkipped/input.xml]]
            [[ATTACHMENT|src/test/xslt/tessy-overview-to-junit/withSkipped/input.pdf]]
          </system-out>
</testcase>
<testcase name="testobject_02" tests="1" failures="0" skipped="0">
<system-out>
            [[ATTACHMENT|src/test/xslt/tessy-overview-to-junit/withSkipped/input.xml]]
            [[ATTACHMENT|src/test/xslt/tessy-overview-to-junit/withSkipped/input.pdf]]
          </system-out>
</testcase>
<testcase name="testobject_03" tests="1" failures="0" skipped="0">
<system-out>
            [[ATTACHMENT|src/test/xslt/tessy-overview-to-junit/withSkipped/input.xml]]
            [[ATTACHMENT|src/test/xslt/tessy-overview-to-junit/withSkipped/input.pdf]]
          </system-out>
</testcase>
<testcase name="testobject_04" tests="1" failures="0" skipped="0">
<system-out>
            [[ATTACHMENT|src/test/xslt/tessy-overview-to-junit/withSkipped/input.xml]]
            [[ATTACHMENT|src/test/xslt/tessy-overview-to-junit/withSkipped/input.pdf]]
          </system-out>
</testcase>
<testcase name="testobject_05" tests="1" failures="0" skipped="0">
<system-out>
            [[ATTACHMENT|src/test/xslt/tessy-overview-to-junit/withSkipped/input.xml]]
            [[ATTACHMENT|src/test/xslt/tessy-overview-to-junit/withSkipped/input.pdf]]
          </system-out>
</testcase>
<testcase name="testobject_06" tests="1" failures="0" skipped="0">
<system-out>
            [[ATTACHMENT|src/test/xslt/tessy-overview-to-junit/withSkipped/input.xml]]
            [[ATTACHMENT|src/test/xslt/tessy-overview-to-junit/withSkipped/input.pdf]]
          </system-out>
</testcase>
<testcase name="testobject_07" tests="1" failures="0" skipped="0">
<system-out>
            [[ATTACHMENT|src/test/xslt/tessy-overview-to-junit/withSkipped/input.xml]]
            [[ATTACHMENT|src/test/xslt/tessy-overview-to-junit/withSkipped/input.pdf]]
          </system-out>
</testcase>
<testcase name="testobject_08" tests="1" failures="0" skipped="0">
<system-out>
            [[ATTACHMENT|src/test/xslt/tessy-overview-to-junit/withSkipped/input.xml]]
            [[ATTACHMENT|src/test/xslt/tessy-overview-to-junit/withSkipped/input.pdf]]
          </system-out>
</testcase>
<testcase name="testobject_09" tests="1" failures="0" skipped="0">
<system-out>
            [[ATTACHMENT|src/test/xslt/tessy-overview-to-junit/withSkipped/input.xml]]
            [[ATTACHMENT|src/test/xslt/tessy-overview-to-junit/withSkipped/input.pdf]]
          </system-out>
</testcase>
<testcase name="testobject_10" tests="1" failures="0" skipped="0">
<system-out>
            [[ATTACHMENT|src/test/xslt/tessy-overview-to-junit/withSkipped/input.xml]]
            [[ATTACHMENT|src/test/xslt/tessy-overview-to-junit/withSkipped/input.pdf]]
          </system-out>
</testcase>
</testsuite>
<testsuite name="Tickets.Report.2014050510000286" tests="2" failures="0" skipped="2">
<testcase name="testobject" tests="2" failures="0" skipped="2">
<skipped/>
<system-out>
            [[ATTACHMENT|src/test/xslt/tessy-overview-to-junit/withSkipped/input.xml]]
            [[ATTACHMENT|src/test/xslt/tessy-overview-to-junit/withSkipped/input.pdf]]
          </system-out>
</testcase>
</testsuite>
<testsuite name="Tickets.TDE.2014050510000179" tests="1" failures="0" skipped="1">
<testcase name="testobject" tests="1" failures="0" skipped="1">
<skipped/>
<system-out>
            [[ATTACHMENT|src/test/xslt/tessy-overview-to-junit/withSkipped/input.xml]]
            [[ATTACHMENT|src/test/xslt/tessy-overview-to-junit/withSkipped/input.pdf]]
          </system-out>
</testcase>
</testsuite>
</testsuite>
</testsuites>
