<?xml version="1.0" encoding="UTF-8"?>
<testsuite name="IsValueInRange.IsValueInRange" tests="3" failures="0" timestamp="2015-05-12T16:13:24+0200">
	<testcase name="id1.1" classname="IsValueInRange.IsValueInRange.is_value_in_range" assertions="1">
		<system-out>
			[[ATTACHMENT|src/test/xslt/TESSY_TestDetails_Report_JUnit/allpass/input.xml]] [[ATTACHMENT|src/test/xslt/TESSY_TestDetails_Report_JUnit/allpass/input.pdf]]
		</system-out>
	</testcase>
	<testcase name="id2.1" classname="IsValueInRange.IsValueInRange.is_value_in_range" assertions="1">
		<system-out>
			[[ATTACHMENT|src/test/xslt/TESSY_TestDetails_Report_JUnit/allpass/input.xml]] [[ATTACHMENT|src/test/xslt/TESSY_TestDetails_Report_JUnit/allpass/input.pdf]]
		</system-out>
	</testcase>
	<testcase name="id3.1" classname="IsValueInRange.IsValueInRange.is_value_in_range" assertions="1">
		<system-out>
			[[ATTACHMENT|src/test/xslt/TESSY_TestDetails_Report_JUnit/allpass/input.xml]] [[ATTACHMENT|src/test/xslt/TESSY_TestDetails_Report_JUnit/allpass/input.pdf]]
		</system-out>
	</testcase>
</testsuite>
